# JRE version: Java(TM) SE Runtime Environment (8.0_131-b11) (build 1.8.0_131-b11)
# Java VM: Java HotSpot(TM) 64-Bit Server VM (25.131-b11 mixed mode windows-amd64 compressed oops)
Heap:
 PSYoungGen      total 201216K, used 136591K [0x00000000e0000000, 0x00000000ed700000, 0x0000000100000000)
  eden space 185856K, 66% used [0x00000000e0000000,0x00000000e782cf70,0x00000000eb580000)
  from space 15360K, 88% used [0x00000000ec600000,0x00000000ed336eb8,0x00000000ed500000)
  to   space 16896K, 0% used [0x00000000eb580000,0x00000000eb580000,0x00000000ec600000)
 ParOldGen       total 90112K, used 17909K [0x00000000a0000000, 0x00000000a5800000, 0x00000000e0000000)
  object space 90112K, 19% used [0x00000000a0000000,0x00000000a117d618,0x00000000a5800000)
 Metaspace       used 53068K, capacity 54538K, committed 54784K, reserved 1095680K
  class space    used 7200K, capacity 7606K, committed 7680K, reserved 1048576K
GC Heap History (10 events):
Event: 4.688 GC heap before
{Heap before GC invocations=6 (full 1):
 PSYoungGen      total 138240K, used 133120K [0x00000000e0000000, 0x00000000e8c00000, 0x0000000100000000)
  eden space 133120K, 100% used [0x00000000e0000000,0x00000000e8200000,0x00000000e8200000)
  from space 5120K, 0% used [0x00000000e8700000,0x00000000e8700000,0x00000000e8c00000)
  to   space 5120K, 0% used [0x00000000e8200000,0x00000000e8200000,0x00000000e8700000)
 ParOldGen       total 59392K, used 8788K [0x00000000a0000000, 0x00000000a3a00000, 0x00000000e0000000)
  object space 59392K, 14% used [0x00000000a0000000,0x00000000a0895260,0x00000000a3a00000)
 Metaspace       used 29775K, capacity 30416K, committed 30464K, reserved 1075200K
  class space    used 4132K, capacity 4313K, committed 4352K, reserved 1048576K
Event: 4.708 GC heap after
Heap after GC invocations=6 (full 1):
 PSYoungGen      total 138240K, used 5120K [0x00000000e0000000, 0x00000000e8c00000, 0x0000000100000000)
  eden space 133120K, 0% used [0x00000000e0000000,0x00000000e0000000,0x00000000e8200000)
  from space 5120K, 100% used [0x00000000e8200000,0x00000000e8700000,0x00000000e8700000)
  to   space 5120K, 0% used [0x00000000e8700000,0x00000000e8700000,0x00000000e8c00000)
 ParOldGen       total 59392K, used 15674K [0x00000000a0000000, 0x00000000a3a00000, 0x00000000e0000000)
  object space 59392K, 26% used [0x00000000a0000000,0x00000000a0f4ebe8,0x00000000a3a00000)
 Metaspace       used 29775K, capacity 30416K, committed 30464K, reserved 1075200K
  class space    used 4132K, capacity 4313K, committed 4352K, reserved 1048576K
}
Event: 5.362 GC heap before
{Heap before GC invocations=7 (full 1):
 PSYoungGen      total 138240K, used 60369K [0x00000000e0000000, 0x00000000e8c00000, 0x0000000100000000)
  eden space 133120K, 41% used [0x00000000e0000000,0x00000000e35f4510,0x00000000e8200000)
  from space 5120K, 100% used [0x00000000e8200000,0x00000000e8700000,0x00000000e8700000)
  to   space 5120K, 0% used [0x00000000e8700000,0x00000000e8700000,0x00000000e8c00000)
 ParOldGen       total 59392K, used 15674K [0x00000000a0000000, 0x00000000a3a00000, 0x00000000e0000000)
  object space 59392K, 26% used [0x00000000a0000000,0x00000000a0f4ebe8,0x00000000a3a00000)
 Metaspace       used 34524K, capacity 35338K, committed 35496K, reserved 1079296K
  class space    used 4808K, capacity 5011K, committed 5120K, reserved 1048576K
Event: 5.370 GC heap after
Heap after GC invocations=7 (full 1):
 PSYoungGen      total 129024K, used 5120K [0x00000000e0000000, 0x00000000eec00000, 0x0000000100000000)
  eden space 123904K, 0% used [0x00000000e0000000,0x00000000e0000000,0x00000000e7900000)
  from space 5120K, 100% used [0x00000000e8700000,0x00000000e8c00000,0x00000000e8c00000)
  to   space 14336K, 0% used [0x00000000e7900000,0x00000000e7900000,0x00000000e8700000)
 ParOldGen       total 59392K, used 21109K [0x00000000a0000000, 0x00000000a3a00000, 0x00000000e0000000)
  object space 59392K, 35% used [0x00000000a0000000,0x00000000a149d5e0,0x00000000a3a00000)
 Metaspace       used 34524K, capacity 35338K, committed 35496K, reserved 1079296K
  class space    used 4808K, capacity 5011K, committed 5120K, reserved 1048576K
}
Event: 5.370 GC heap before
{Heap before GC invocations=8 (full 2):
 PSYoungGen      total 129024K, used 5120K [0x00000000e0000000, 0x00000000eec00000, 0x0000000100000000)
  eden space 123904K, 0% used [0x00000000e0000000,0x00000000e0000000,0x00000000e7900000)
  from space 5120K, 100% used [0x00000000e8700000,0x00000000e8c00000,0x00000000e8c00000)
  to   space 14336K, 0% used [0x00000000e7900000,0x00000000e7900000,0x00000000e8700000)
 ParOldGen       total 59392K, used 21109K [0x00000000a0000000, 0x00000000a3a00000, 0x00000000e0000000)
  object space 59392K, 35% used [0x00000000a0000000,0x00000000a149d5e0,0x00000000a3a00000)
 Metaspace       used 34524K, capacity 35338K, committed 35496K, reserved 1079296K
  class space    used 4808K, capacity 5011K, committed 5120K, reserved 1048576K
Event: 5.423 GC heap after
Heap after GC invocations=8 (full 2):
 PSYoungGen      total 129024K, used 0K [0x00000000e0000000, 0x00000000eec00000, 0x0000000100000000)
  eden space 123904K, 0% used [0x00000000e0000000,0x00000000e0000000,0x00000000e7900000)
  from space 5120K, 0% used [0x00000000e8700000,0x00000000e8700000,0x00000000e8c00000)
  to   space 14336K, 0% used [0x00000000e7900000,0x00000000e7900000,0x00000000e8700000)
 ParOldGen       total 90112K, used 17893K [0x00000000a0000000, 0x00000000a5800000, 0x00000000e0000000)
  object space 90112K, 19% used [0x00000000a0000000,0x00000000a1179618,0x00000000a5800000)
 Metaspace       used 34450K, capacity 35192K, committed 35496K, reserved 1079296K
  class space    used 4784K, capacity 4985K, committed 5120K, reserved 1048576K
}
Event: 10.230 GC heap before
{Heap before GC invocations=9 (full 2):
 PSYoungGen      total 129024K, used 123904K [0x00000000e0000000, 0x00000000eec00000, 0x0000000100000000)
  eden space 123904K, 100% used [0x00000000e0000000,0x00000000e7900000,0x00000000e7900000)
  from space 5120K, 0% used [0x00000000e8700000,0x00000000e8700000,0x00000000e8c00000)
  to   space 14336K, 0% used [0x00000000e7900000,0x00000000e7900000,0x00000000e8700000)
 ParOldGen       total 90112K, used 17893K [0x00000000a0000000, 0x00000000a5800000, 0x00000000e0000000)
  object space 90112K, 19% used [0x00000000a0000000,0x00000000a1179618,0x00000000a5800000)
 Metaspace       used 35406K, capacity 36132K, committed 36352K, reserved 1081344K
  class space    used 4840K, capacity 5083K, committed 5120K, reserved 1048576K
Event: 10.234 GC heap after
Heap after GC invocations=9 (full 2):
 PSYoungGen      total 138240K, used 2160K [0x00000000e0000000, 0x00000000ed500000, 0x0000000100000000)
  eden space 123904K, 0% used [0x00000000e0000000,0x00000000e0000000,0x00000000e7900000)
  from space 14336K, 15% used [0x00000000e7900000,0x00000000e7b1c0b8,0x00000000e8700000)
  to   space 15360K, 0% used [0x00000000ec600000,0x00000000ec600000,0x00000000ed500000)
 ParOldGen       total 90112K, used 17901K [0x00000000a0000000, 0x00000000a5800000, 0x00000000e0000000)
  object space 90112K, 19% used [0x00000000a0000000,0x00000000a117b618,0x00000000a5800000)
 Metaspace       used 35406K, capacity 36132K, committed 36352K, reserved 1081344K
  class space    used 4840K, capacity 5083K, committed 5120K, reserved 1048576K
}
Event: 11.628 GC heap before
{Heap before GC invocations=10 (full 2):
 PSYoungGen      total 138240K, used 126064K [0x00000000e0000000, 0x00000000ed500000, 0x0000000100000000)
  eden space 123904K, 100% used [0x00000000e0000000,0x00000000e7900000,0x00000000e7900000)
  from space 14336K, 15% used [0x00000000e7900000,0x00000000e7b1c0b8,0x00000000e8700000)
  to   space 15360K, 0% used [0x00000000ec600000,0x00000000ec600000,0x00000000ed500000)
 ParOldGen       total 90112K, used 17901K [0x00000000a0000000, 0x00000000a5800000, 0x00000000e0000000)
  object space 90112K, 19% used [0x00000000a0000000,0x00000000a117b618,0x00000000a5800000)
 Metaspace       used 44198K, capacity 45304K, committed 45440K, reserved 1089536K
  class space    used 5951K, capacity 6262K, committed 6272K, reserved 1048576K
Event: 11.650 GC heap after
Heap after GC invocations=10 (full 2):
 PSYoungGen      total 201216K, used 13531K [0x00000000e0000000, 0x00000000ed700000, 0x0000000100000000)
  eden space 185856K, 0% used [0x00000000e0000000,0x00000000e0000000,0x00000000eb580000)
  from space 15360K, 88% used [0x00000000ec600000,0x00000000ed336eb8,0x00000000ed500000)
  to   space 16896K, 0% used [0x00000000eb580000,0x00000000eb580000,0x00000000ec600000)
 ParOldGen       total 90112K, used 17909K [0x00000000a0000000, 0x00000000a5800000, 0x00000000e0000000)
  object space 90112K, 19% used [0x00000000a0000000,0x00000000a117d618,0x00000000a5800000)
 Metaspace       used 44198K, capacity 45304K, committed 45440K, reserved 1089536K
  class space    used 5951K, capacity 6262K, committed 6272K, reserved 1048576K
}

