# JRE version: Java(TM) SE Runtime Environment (8.0_131-b11) (build 1.8.0_131-b11)
# Java VM: Java HotSpot(TM) 64-Bit Server VM (25.131-b11 mixed mode windows-amd64 compressed oops)
Heap:
 PSYoungGen      total 244736K, used 244730K [0x00000000e0000000, 0x00000000f6e00000, 0x0000000100000000)
  eden space 208384K, 100% used [0x00000000e0000000,0x00000000ecb80000,0x00000000ecb80000)
  from space 36352K, 99% used [0x00000000ecb80000,0x00000000eeefead8,0x00000000eef00000)
  to   space 52224K, 41% used [0x00000000f3b00000,0x00000000f5008020,0x00000000f6e00000)
 ParOldGen       total 188928K, used 107432K [0x00000000a0000000, 0x00000000ab880000, 0x00000000e0000000)
  object space 188928K, 56% used [0x00000000a0000000,0x00000000a68ea2c0,0x00000000ab880000)
 Metaspace       used 75069K, capacity 77012K, committed 77312K, reserved 1116160K
  class space    used 9690K, capacity 10181K, committed 10240K, reserved 1048576K
GC Heap History (10 events):
Event: 25.219 GC heap after
Heap after GC invocations=12 (full 2):
 PSYoungGen      total 238592K, used 19830K [0x00000000e0000000, 0x00000000f0380000, 0x0000000100000000)
  eden space 217600K, 0% used [0x00000000e0000000,0x00000000e0000000,0x00000000ed480000)
  from space 20992K, 94% used [0x00000000eef00000,0x00000000f025d940,0x00000000f0380000)
  to   space 24064K, 0% used [0x00000000ed480000,0x00000000ed480000,0x00000000eec00000)
 ParOldGen       total 132096K, used 26189K [0x00000000a0000000, 0x00000000a8100000, 0x00000000e0000000)
  object space 132096K, 19% used [0x00000000a0000000,0x00000000a1993428,0x00000000a8100000)
 Metaspace       used 57195K, capacity 59012K, committed 59136K, reserved 1099776K
  class space    used 7902K, capacity 8379K, committed 8448K, reserved 1048576K
}
Event: 25.219 GC heap before
{Heap before GC invocations=13 (full 3):
 PSYoungGen      total 238592K, used 19830K [0x00000000e0000000, 0x00000000f0380000, 0x0000000100000000)
  eden space 217600K, 0% used [0x00000000e0000000,0x00000000e0000000,0x00000000ed480000)
  from space 20992K, 94% used [0x00000000eef00000,0x00000000f025d940,0x00000000f0380000)
  to   space 24064K, 0% used [0x00000000ed480000,0x00000000ed480000,0x00000000eec00000)
 ParOldGen       total 132096K, used 26189K [0x00000000a0000000, 0x00000000a8100000, 0x00000000e0000000)
  object space 132096K, 19% used [0x00000000a0000000,0x00000000a1993428,0x00000000a8100000)
 Metaspace       used 57195K, capacity 59012K, committed 59136K, reserved 1099776K
  class space    used 7902K, capacity 8379K, committed 8448K, reserved 1048576K
Event: 25.452 GC heap after
Heap after GC invocations=13 (full 3):
 PSYoungGen      total 238592K, used 0K [0x00000000e0000000, 0x00000000f0380000, 0x0000000100000000)
  eden space 217600K, 0% used [0x00000000e0000000,0x00000000e0000000,0x00000000ed480000)
  from space 20992K, 0% used [0x00000000eef00000,0x00000000eef00000,0x00000000f0380000)
  to   space 24064K, 0% used [0x00000000ed480000,0x00000000ed480000,0x00000000eec00000)
 ParOldGen       total 188928K, used 35029K [0x00000000a0000000, 0x00000000ab880000, 0x00000000e0000000)
  object space 188928K, 18% used [0x00000000a0000000,0x00000000a2235768,0x00000000ab880000)
 Metaspace       used 57193K, capacity 59006K, committed 59136K, reserved 1099776K
  class space    used 7902K, capacity 8378K, committed 8448K, reserved 1048576K
}
Event: 37.551 GC heap before
{Heap before GC invocations=14 (full 3):
 PSYoungGen      total 238592K, used 217600K [0x00000000e0000000, 0x00000000f0380000, 0x0000000100000000)
  eden space 217600K, 100% used [0x00000000e0000000,0x00000000ed480000,0x00000000ed480000)
  from space 20992K, 0% used [0x00000000eef00000,0x00000000eef00000,0x00000000f0380000)
  to   space 24064K, 0% used [0x00000000ed480000,0x00000000ed480000,0x00000000eec00000)
 ParOldGen       total 188928K, used 35029K [0x00000000a0000000, 0x00000000ab880000, 0x00000000e0000000)
  object space 188928K, 18% used [0x00000000a0000000,0x00000000a2235768,0x00000000ab880000)
 Metaspace       used 69870K, capacity 71634K, committed 72064K, reserved 1112064K
  class space    used 9067K, capacity 9518K, committed 9600K, reserved 1048576K
Event: 37.768 GC heap after
Heap after GC invocations=14 (full 3):
 PSYoungGen      total 241664K, used 24038K [0x00000000e0000000, 0x00000000f0380000, 0x0000000100000000)
  eden space 217600K, 0% used [0x00000000e0000000,0x00000000e0000000,0x00000000ed480000)
  from space 24064K, 99% used [0x00000000ed480000,0x00000000eebf9830,0x00000000eec00000)
  to   space 20992K, 0% used [0x00000000eef00000,0x00000000eef00000,0x00000000f0380000)
 ParOldGen       total 188928K, used 49040K [0x00000000a0000000, 0x00000000ab880000, 0x00000000e0000000)
  object space 188928K, 25% used [0x00000000a0000000,0x00000000a2fe42a8,0x00000000ab880000)
 Metaspace       used 69870K, capacity 71634K, committed 72064K, reserved 1112064K
  class space    used 9067K, capacity 9518K, committed 9600K, reserved 1048576K
}
Event: 40.531 GC heap before
{Heap before GC invocations=15 (full 3):
 PSYoungGen      total 241664K, used 241638K [0x00000000e0000000, 0x00000000f0380000, 0x0000000100000000)
  eden space 217600K, 100% used [0x00000000e0000000,0x00000000ed480000,0x00000000ed480000)
  from space 24064K, 99% used [0x00000000ed480000,0x00000000eebf9830,0x00000000eec00000)
  to   space 20992K, 0% used [0x00000000eef00000,0x00000000eef00000,0x00000000f0380000)
 ParOldGen       total 188928K, used 49040K [0x00000000a0000000, 0x00000000ab880000, 0x00000000e0000000)
  object space 188928K, 25% used [0x00000000a0000000,0x00000000a2fe42a8,0x00000000ab880000)
 Metaspace       used 73348K, capacity 75230K, committed 75520K, reserved 1114112K
  class space    used 9454K, capacity 9942K, committed 9984K, reserved 1048576K
Event: 40.569 GC heap after
Heap after GC invocations=15 (full 3):
 PSYoungGen      total 229376K, used 20985K [0x00000000e0000000, 0x00000000f5680000, 0x0000000100000000)
  eden space 208384K, 0% used [0x00000000e0000000,0x00000000e0000000,0x00000000ecb80000)
  from space 20992K, 99% used [0x00000000eef00000,0x00000000f037e4c8,0x00000000f0380000)
  to   space 36352K, 0% used [0x00000000ecb80000,0x00000000ecb80000,0x00000000eef00000)
 ParOldGen       total 188928K, used 58237K [0x00000000a0000000, 0x00000000ab880000, 0x00000000e0000000)
  object space 188928K, 30% used [0x00000000a0000000,0x00000000a38df570,0x00000000ab880000)
 Metaspace       used 73348K, capacity 75230K, committed 75520K, reserved 1114112K
  class space    used 9454K, capacity 9942K, committed 9984K, reserved 1048576K
}
Event: 42.673 GC heap before
{Heap before GC invocations=16 (full 3):
 PSYoungGen      total 229376K, used 229369K [0x00000000e0000000, 0x00000000f5680000, 0x0000000100000000)
  eden space 208384K, 100% used [0x00000000e0000000,0x00000000ecb80000,0x00000000ecb80000)
  from space 20992K, 99% used [0x00000000eef00000,0x00000000f037e4c8,0x00000000f0380000)
  to   space 36352K, 0% used [0x00000000ecb80000,0x00000000ecb80000,0x00000000eef00000)
 ParOldGen       total 188928K, used 58237K [0x00000000a0000000, 0x00000000ab880000, 0x00000000e0000000)
  object space 188928K, 30% used [0x00000000a0000000,0x00000000a38df570,0x00000000ab880000)
 Metaspace       used 74475K, capacity 76436K, committed 76800K, reserved 1116160K
  class space    used 9616K, capacity 10117K, committed 10240K, reserved 1048576K
Event: 42.724 GC heap after
Heap after GC invocations=16 (full 3):
 PSYoungGen      total 244736K, used 36346K [0x00000000e0000000, 0x00000000f6e00000, 0x0000000100000000)
  eden space 208384K, 0% used [0x00000000e0000000,0x00000000e0000000,0x00000000ecb80000)
  from space 36352K, 99% used [0x00000000ecb80000,0x00000000eeefead8,0x00000000eef00000)
  to   space 52224K, 0% used [0x00000000f3b00000,0x00000000f3b00000,0x00000000f6e00000)
 ParOldGen       total 188928K, used 86471K [0x00000000a0000000, 0x00000000ab880000, 0x00000000e0000000)
  object space 188928K, 45% used [0x00000000a0000000,0x00000000a5471e78,0x00000000ab880000)
 Metaspace       used 74475K, capacity 76436K, committed 76800K, reserved 1116160K
  class space    used 9616K, capacity 10117K, committed 10240K, reserved 1048576K
}
Event: 43.932 GC heap before
{Heap before GC invocations=17 (full 3):
 PSYoungGen      total 244736K, used 244730K [0x00000000e0000000, 0x00000000f6e00000, 0x0000000100000000)
  eden space 208384K, 100% used [0x00000000e0000000,0x00000000ecb80000,0x00000000ecb80000)
  from space 36352K, 99% used [0x00000000ecb80000,0x00000000eeefead8,0x00000000eef00000)
  to   space 52224K, 0% used [0x00000000f3b00000,0x00000000f3b00000,0x00000000f6e00000)
 ParOldGen       total 188928K, used 86471K [0x00000000a0000000, 0x00000000ab880000, 0x00000000e0000000)
  object space 188928K, 45% used [0x00000000a0000000,0x00000000a5471e78,0x00000000ab880000)
 Metaspace       used 75069K, capacity 77012K, committed 77312K, reserved 1116160K
  class space    used 9690K, capacity 10181K, committed 10240K, reserved 1048576K

