# JRE version: Java(TM) SE Runtime Environment (8.0_131-b11) (build 1.8.0_131-b11)
# Java VM: Java HotSpot(TM) 64-Bit Server VM (25.131-b11 mixed mode windows-amd64 compressed oops)
Heap:
 PSYoungGen      total 275456K, used 161936K [0x00000000e0000000, 0x00000000f7a80000, 0x0000000100000000)
  eden space 252416K, 64% used [0x00000000e0000000,0x00000000e9e24140,0x00000000ef680000)
  from space 23040K, 0% used [0x00000000ef680000,0x00000000ef680000,0x00000000f0d00000)
  to   space 25600K, 0% used [0x00000000f6180000,0x00000000f6180000,0x00000000f7a80000)
 ParOldGen       total 103936K, used 35381K [0x00000000a0000000, 0x00000000a6580000, 0x00000000e0000000)
  object space 103936K, 34% used [0x00000000a0000000,0x00000000a228d4d0,0x00000000a6580000)
 Metaspace       used 58614K, capacity 60602K, committed 60712K, reserved 1101824K
  class space    used 7911K, capacity 8396K, committed 8496K, reserved 1048576K
GC Heap History (10 events):
Event: 16.768 GC heap before
{Heap before GC invocations=8 (full 2):
 PSYoungGen      total 172544K, used 10455K [0x00000000e0000000, 0x00000000ec000000, 0x0000000100000000)
  eden space 159744K, 0% used [0x00000000e0000000,0x00000000e0000000,0x00000000e9c00000)
  from space 12800K, 81% used [0x00000000ea900000,0x00000000eb335cb8,0x00000000eb580000)
  to   space 13312K, 0% used [0x00000000e9c00000,0x00000000e9c00000,0x00000000ea900000)
 ParOldGen       total 75776K, used 12333K [0x00000000a0000000, 0x00000000a4a00000, 0x00000000e0000000)
  object space 75776K, 16% used [0x00000000a0000000,0x00000000a0c0b6b0,0x00000000a4a00000)
 Metaspace       used 34515K, capacity 35166K, committed 35496K, reserved 1079296K
  class space    used 4789K, capacity 5016K, committed 5040K, reserved 1048576K
Event: 16.858 GC heap after
Heap after GC invocations=8 (full 2):
 PSYoungGen      total 172544K, used 0K [0x00000000e0000000, 0x00000000ec000000, 0x0000000100000000)
  eden space 159744K, 0% used [0x00000000e0000000,0x00000000e0000000,0x00000000e9c00000)
  from space 12800K, 0% used [0x00000000ea900000,0x00000000ea900000,0x00000000eb580000)
  to   space 13312K, 0% used [0x00000000e9c00000,0x00000000e9c00000,0x00000000ea900000)
 ParOldGen       total 103936K, used 17109K [0x00000000a0000000, 0x00000000a6580000, 0x00000000e0000000)
  object space 103936K, 16% used [0x00000000a0000000,0x00000000a10b55f0,0x00000000a6580000)
 Metaspace       used 34515K, capacity 35166K, committed 35496K, reserved 1079296K
  class space    used 4789K, capacity 5016K, committed 5040K, reserved 1048576K
}
Event: 19.490 GC heap before
{Heap before GC invocations=9 (full 2):
 PSYoungGen      total 172544K, used 159744K [0x00000000e0000000, 0x00000000ec000000, 0x0000000100000000)
  eden space 159744K, 100% used [0x00000000e0000000,0x00000000e9c00000,0x00000000e9c00000)
  from space 12800K, 0% used [0x00000000ea900000,0x00000000ea900000,0x00000000eb580000)
  to   space 13312K, 0% used [0x00000000e9c00000,0x00000000e9c00000,0x00000000ea900000)
 ParOldGen       total 103936K, used 17109K [0x00000000a0000000, 0x00000000a6580000, 0x00000000e0000000)
  object space 103936K, 16% used [0x00000000a0000000,0x00000000a10b55f0,0x00000000a6580000)
 Metaspace       used 45652K, capacity 46728K, committed 46888K, reserved 1089536K
  class space    used 6297K, capacity 6627K, committed 6704K, reserved 1048576K
Event: 19.540 GC heap after
Heap after GC invocations=9 (full 2):
 PSYoungGen      total 173056K, used 13298K [0x00000000e0000000, 0x00000000f1c00000, 0x0000000100000000)
  eden space 159744K, 0% used [0x00000000e0000000,0x00000000e0000000,0x00000000e9c00000)
  from space 13312K, 99% used [0x00000000e9c00000,0x00000000ea8fc938,0x00000000ea900000)
  to   space 15360K, 0% used [0x00000000f0d00000,0x00000000f0d00000,0x00000000f1c00000)
 ParOldGen       total 103936K, used 17865K [0x00000000a0000000, 0x00000000a6580000, 0x00000000e0000000)
  object space 103936K, 17% used [0x00000000a0000000,0x00000000a1172440,0x00000000a6580000)
 Metaspace       used 45652K, capacity 46728K, committed 46888K, reserved 1089536K
  class space    used 6297K, capacity 6627K, committed 6704K, reserved 1048576K
}
Event: 24.689 GC heap before
{Heap before GC invocations=10 (full 2):
 PSYoungGen      total 173056K, used 173042K [0x00000000e0000000, 0x00000000f1c00000, 0x0000000100000000)
  eden space 159744K, 100% used [0x00000000e0000000,0x00000000e9c00000,0x00000000e9c00000)
  from space 13312K, 99% used [0x00000000e9c00000,0x00000000ea8fc938,0x00000000ea900000)
  to   space 15360K, 0% used [0x00000000f0d00000,0x00000000f0d00000,0x00000000f1c00000)
 ParOldGen       total 103936K, used 17865K [0x00000000a0000000, 0x00000000a6580000, 0x00000000e0000000)
  object space 103936K, 17% used [0x00000000a0000000,0x00000000a1172440,0x00000000a6580000)
 Metaspace       used 54033K, capacity 55762K, committed 55848K, reserved 1097728K
  class space    used 7508K, capacity 7960K, committed 7984K, reserved 1048576K
Event: 24.725 GC heap after
Heap after GC invocations=10 (full 2):
 PSYoungGen      total 267776K, used 15328K [0x00000000e0000000, 0x00000000f2480000, 0x0000000100000000)
  eden space 252416K, 0% used [0x00000000e0000000,0x00000000e0000000,0x00000000ef680000)
  from space 15360K, 99% used [0x00000000f0d00000,0x00000000f1bf8078,0x00000000f1c00000)
  to   space 23040K, 0% used [0x00000000ef680000,0x00000000ef680000,0x00000000f0d00000)
 ParOldGen       total 103936K, used 30381K [0x00000000a0000000, 0x00000000a6580000, 0x00000000e0000000)
  object space 103936K, 29% used [0x00000000a0000000,0x00000000a1dab5b8,0x00000000a6580000)
 Metaspace       used 54033K, capacity 55762K, committed 55848K, reserved 1097728K
  class space    used 7508K, capacity 7960K, committed 7984K, reserved 1048576K
}
Event: 38.483 GC heap before
{Heap before GC invocations=11 (full 2):
 PSYoungGen      total 267776K, used 175847K [0x00000000e0000000, 0x00000000f2480000, 0x0000000100000000)
  eden space 252416K, 63% used [0x00000000e0000000,0x00000000e9cc1c00,0x00000000ef680000)
  from space 15360K, 99% used [0x00000000f0d00000,0x00000000f1bf8078,0x00000000f1c00000)
  to   space 23040K, 0% used [0x00000000ef680000,0x00000000ef680000,0x00000000f0d00000)
 ParOldGen       total 103936K, used 30381K [0x00000000a0000000, 0x00000000a6580000, 0x00000000e0000000)
  object space 103936K, 29% used [0x00000000a0000000,0x00000000a1dab5b8,0x00000000a6580000)
 Metaspace       used 57161K, capacity 59006K, committed 59160K, reserved 1099776K
  class space    used 7819K, capacity 8258K, committed 8368K, reserved 1048576K
Event: 38.607 GC heap after
Heap after GC invocations=11 (full 2):
 PSYoungGen      total 275456K, used 21480K [0x00000000e0000000, 0x00000000f7a80000, 0x0000000100000000)
  eden space 252416K, 0% used [0x00000000e0000000,0x00000000e0000000,0x00000000ef680000)
  from space 23040K, 93% used [0x00000000ef680000,0x00000000f0b7a078,0x00000000f0d00000)
  to   space 25600K, 0% used [0x00000000f6180000,0x00000000f6180000,0x00000000f7a80000)
 ParOldGen       total 103936K, used 30389K [0x00000000a0000000, 0x00000000a6580000, 0x00000000e0000000)
  object space 103936K, 29% used [0x00000000a0000000,0x00000000a1dad5b8,0x00000000a6580000)
 Metaspace       used 57161K, capacity 59006K, committed 59160K, reserved 1099776K
  class space    used 7819K, capacity 8258K, committed 8368K, reserved 1048576K
}
Event: 38.607 GC heap before
{Heap before GC invocations=12 (full 3):
 PSYoungGen      total 275456K, used 21480K [0x00000000e0000000, 0x00000000f7a80000, 0x0000000100000000)
  eden space 252416K, 0% used [0x00000000e0000000,0x00000000e0000000,0x00000000ef680000)
  from space 23040K, 93% used [0x00000000ef680000,0x00000000f0b7a078,0x00000000f0d00000)
  to   space 25600K, 0% used [0x00000000f6180000,0x00000000f6180000,0x00000000f7a80000)
 ParOldGen       total 103936K, used 30389K [0x00000000a0000000, 0x00000000a6580000, 0x00000000e0000000)
  object space 103936K, 29% used [0x00000000a0000000,0x00000000a1dad5b8,0x00000000a6580000)
 Metaspace       used 57161K, capacity 59006K, committed 59160K, reserved 1099776K
  class space    used 7819K, capacity 8258K, committed 8368K, reserved 1048576K
Event: 38.951 GC heap after
Heap after GC invocations=12 (full 3):
 PSYoungGen      total 275456K, used 0K [0x00000000e0000000, 0x00000000f7a80000, 0x0000000100000000)
  eden space 252416K, 0% used [0x00000000e0000000,0x00000000e0000000,0x00000000ef680000)
  from space 23040K, 0% used [0x00000000ef680000,0x00000000ef680000,0x00000000f0d00000)
  to   space 25600K, 0% used [0x00000000f6180000,0x00000000f6180000,0x00000000f7a80000)
 ParOldGen       total 103936K, used 35381K [0x00000000a0000000, 0x00000000a6580000, 0x00000000e0000000)
  object space 103936K, 34% used [0x00000000a0000000,0x00000000a228d4d0,0x00000000a6580000)
 Metaspace       used 57159K, capacity 59000K, committed 59160K, reserved 1099776K
  class space    used 7819K, capacity 8257K, committed 8368K, reserved 1048576K
}

