# JRE version: Java(TM) SE Runtime Environment (8.0_131-b11) (build 1.8.0_131-b11)
# Java VM: Java HotSpot(TM) 64-Bit Server VM (25.131-b11 mixed mode windows-amd64 compressed oops)
Heap:
 PSYoungGen      total 154112K, used 12773K [0x00000000e0000000, 0x00000000ece80000, 0x0000000100000000)
  eden space 135680K, 9% used [0x00000000e0000000,0x00000000e0c795e8,0x00000000e8480000)
  from space 18432K, 0% used [0x00000000e8480000,0x00000000e8480000,0x00000000e9680000)
  to   space 21504K, 0% used [0x00000000eb980000,0x00000000eb980000,0x00000000ece80000)
 ParOldGen       total 144896K, used 38555K [0x00000000a0000000, 0x00000000a8d80000, 0x00000000e0000000)
  object space 144896K, 26% used [0x00000000a0000000,0x00000000a25a6d60,0x00000000a8d80000)
 Metaspace       used 58332K, capacity 60278K, committed 60416K, reserved 1101824K
  class space    used 8138K, capacity 8620K, committed 8704K, reserved 1048576K
GC Heap History (10 events):
Event: 7.441 GC heap before
{Heap before GC invocations=10 (full 2):
 PSYoungGen      total 86528K, used 75264K [0x00000000e0000000, 0x00000000e8780000, 0x0000000100000000)
  eden space 75264K, 100% used [0x00000000e0000000,0x00000000e4980000,0x00000000e4980000)
  from space 11264K, 0% used [0x00000000e4980000,0x00000000e4980000,0x00000000e5480000)
  to   space 12288K, 0% used [0x00000000e7b80000,0x00000000e7b80000,0x00000000e8780000)
 ParOldGen       total 144896K, used 17120K [0x00000000a0000000, 0x00000000a8d80000, 0x00000000e0000000)
  object space 144896K, 11% used [0x00000000a0000000,0x00000000a10b8358,0x00000000a8d80000)
 Metaspace       used 39921K, capacity 40776K, committed 41216K, reserved 1085440K
  class space    used 5487K, capacity 5788K, committed 5888K, reserved 1048576K
Event: 7.455 GC heap after
Heap after GC invocations=10 (full 2):
 PSYoungGen      total 119296K, used 7048K [0x00000000e0000000, 0x00000000e8400000, 0x0000000100000000)
  eden space 110592K, 0% used [0x00000000e0000000,0x00000000e0000000,0x00000000e6c00000)
  from space 8704K, 80% used [0x00000000e7b80000,0x00000000e8262098,0x00000000e8400000)
  to   space 12288K, 0% used [0x00000000e6c00000,0x00000000e6c00000,0x00000000e7800000)
 ParOldGen       total 144896K, used 17128K [0x00000000a0000000, 0x00000000a8d80000, 0x00000000e0000000)
  object space 144896K, 11% used [0x00000000a0000000,0x00000000a10ba358,0x00000000a8d80000)
 Metaspace       used 39921K, capacity 40776K, committed 41216K, reserved 1085440K
  class space    used 5487K, capacity 5788K, committed 5888K, reserved 1048576K
}
Event: 9.287 GC heap before
{Heap before GC invocations=11 (full 2):
 PSYoungGen      total 119296K, used 117640K [0x00000000e0000000, 0x00000000e8400000, 0x0000000100000000)
  eden space 110592K, 100% used [0x00000000e0000000,0x00000000e6c00000,0x00000000e6c00000)
  from space 8704K, 80% used [0x00000000e7b80000,0x00000000e8262098,0x00000000e8400000)
  to   space 12288K, 0% used [0x00000000e6c00000,0x00000000e6c00000,0x00000000e7800000)
 ParOldGen       total 144896K, used 17128K [0x00000000a0000000, 0x00000000a8d80000, 0x00000000e0000000)
  object space 144896K, 11% used [0x00000000a0000000,0x00000000a10ba358,0x00000000a8d80000)
 Metaspace       used 47272K, capacity 48466K, committed 48640K, reserved 1091584K
  class space    used 6504K, capacity 6834K, committed 6912K, reserved 1048576K
Event: 9.299 GC heap after
Heap after GC invocations=11 (full 2):
 PSYoungGen      total 122880K, used 12281K [0x00000000e0000000, 0x00000000ea400000, 0x0000000100000000)
  eden space 110592K, 0% used [0x00000000e0000000,0x00000000e0000000,0x00000000e6c00000)
  from space 12288K, 99% used [0x00000000e6c00000,0x00000000e77fe688,0x00000000e7800000)
  to   space 13824K, 0% used [0x00000000e9680000,0x00000000e9680000,0x00000000ea400000)
 ParOldGen       total 144896K, used 18345K [0x00000000a0000000, 0x00000000a8d80000, 0x00000000e0000000)
  object space 144896K, 12% used [0x00000000a0000000,0x00000000a11ea480,0x00000000a8d80000)
 Metaspace       used 47272K, capacity 48466K, committed 48640K, reserved 1091584K
  class space    used 6504K, capacity 6834K, committed 6912K, reserved 1048576K
}
Event: 10.754 GC heap before
{Heap before GC invocations=12 (full 2):
 PSYoungGen      total 122880K, used 122873K [0x00000000e0000000, 0x00000000ea400000, 0x0000000100000000)
  eden space 110592K, 100% used [0x00000000e0000000,0x00000000e6c00000,0x00000000e6c00000)
  from space 12288K, 99% used [0x00000000e6c00000,0x00000000e77fe688,0x00000000e7800000)
  to   space 13824K, 0% used [0x00000000e9680000,0x00000000e9680000,0x00000000ea400000)
 ParOldGen       total 144896K, used 18345K [0x00000000a0000000, 0x00000000a8d80000, 0x00000000e0000000)
  object space 144896K, 12% used [0x00000000a0000000,0x00000000a11ea480,0x00000000a8d80000)
 Metaspace       used 53505K, capacity 55286K, committed 55552K, reserved 1097728K
  class space    used 7487K, capacity 7924K, committed 7936K, reserved 1048576K
Event: 10.770 GC heap after
Heap after GC invocations=12 (full 2):
 PSYoungGen      total 149504K, used 13811K [0x00000000e0000000, 0x00000000ead00000, 0x0000000100000000)
  eden space 135680K, 0% used [0x00000000e0000000,0x00000000e0000000,0x00000000e8480000)
  from space 13824K, 99% used [0x00000000e9680000,0x00000000ea3fccd8,0x00000000ea400000)
  to   space 18432K, 0% used [0x00000000e8480000,0x00000000e8480000,0x00000000e9680000)
 ParOldGen       total 144896K, used 26169K [0x00000000a0000000, 0x00000000a8d80000, 0x00000000e0000000)
  object space 144896K, 18% used [0x00000000a0000000,0x00000000a198e5d0,0x00000000a8d80000)
 Metaspace       used 53505K, capacity 55286K, committed 55552K, reserved 1097728K
  class space    used 7487K, capacity 7924K, committed 7936K, reserved 1048576K
}
Event: 14.241 GC heap before
{Heap before GC invocations=13 (full 2):
 PSYoungGen      total 149504K, used 89231K [0x00000000e0000000, 0x00000000ead00000, 0x0000000100000000)
  eden space 135680K, 55% used [0x00000000e0000000,0x00000000e49a7040,0x00000000e8480000)
  from space 13824K, 99% used [0x00000000e9680000,0x00000000ea3fccd8,0x00000000ea400000)
  to   space 18432K, 0% used [0x00000000e8480000,0x00000000e8480000,0x00000000e9680000)
 ParOldGen       total 144896K, used 26169K [0x00000000a0000000, 0x00000000a8d80000, 0x00000000e0000000)
  object space 144896K, 18% used [0x00000000a0000000,0x00000000a198e5d0,0x00000000a8d80000)
 Metaspace       used 57131K, capacity 59004K, committed 59160K, reserved 1099776K
  class space    used 8028K, capacity 8493K, committed 8576K, reserved 1048576K
Event: 14.256 GC heap after
Heap after GC invocations=13 (full 2):
 PSYoungGen      total 154112K, used 18419K [0x00000000e0000000, 0x00000000ece80000, 0x0000000100000000)
  eden space 135680K, 0% used [0x00000000e0000000,0x00000000e0000000,0x00000000e8480000)
  from space 18432K, 99% used [0x00000000e8480000,0x00000000e967ccd8,0x00000000e9680000)
  to   space 21504K, 0% used [0x00000000eb980000,0x00000000eb980000,0x00000000ece80000)
 ParOldGen       total 144896K, used 28310K [0x00000000a0000000, 0x00000000a8d80000, 0x00000000e0000000)
  object space 144896K, 19% used [0x00000000a0000000,0x00000000a1ba5958,0x00000000a8d80000)
 Metaspace       used 57131K, capacity 59004K, committed 59160K, reserved 1099776K
  class space    used 8028K, capacity 8493K, committed 8576K, reserved 1048576K
}
Event: 14.256 GC heap before
{Heap before GC invocations=14 (full 3):
 PSYoungGen      total 154112K, used 18419K [0x00000000e0000000, 0x00000000ece80000, 0x0000000100000000)
  eden space 135680K, 0% used [0x00000000e0000000,0x00000000e0000000,0x00000000e8480000)
  from space 18432K, 99% used [0x00000000e8480000,0x00000000e967ccd8,0x00000000e9680000)
  to   space 21504K, 0% used [0x00000000eb980000,0x00000000eb980000,0x00000000ece80000)
 ParOldGen       total 144896K, used 28310K [0x00000000a0000000, 0x00000000a8d80000, 0x00000000e0000000)
  object space 144896K, 19% used [0x00000000a0000000,0x00000000a1ba5958,0x00000000a8d80000)
 Metaspace       used 57131K, capacity 59004K, committed 59160K, reserved 1099776K
  class space    used 8028K, capacity 8493K, committed 8576K, reserved 1048576K
Event: 14.432 GC heap after
Heap after GC invocations=14 (full 3):
 PSYoungGen      total 154112K, used 0K [0x00000000e0000000, 0x00000000ece80000, 0x0000000100000000)
  eden space 135680K, 0% used [0x00000000e0000000,0x00000000e0000000,0x00000000e8480000)
  from space 18432K, 0% used [0x00000000e8480000,0x00000000e8480000,0x00000000e9680000)
  to   space 21504K, 0% used [0x00000000eb980000,0x00000000eb980000,0x00000000ece80000)
 ParOldGen       total 144896K, used 38555K [0x00000000a0000000, 0x00000000a8d80000, 0x00000000e0000000)
  object space 144896K, 26% used [0x00000000a0000000,0x00000000a25a6d60,0x00000000a8d80000)
 Metaspace       used 57129K, capacity 58998K, committed 59160K, reserved 1099776K
  class space    used 8028K, capacity 8492K, committed 8576K, reserved 1048576K
}

