# JRE version: Java(TM) SE Runtime Environment (8.0_131-b11) (build 1.8.0_131-b11)
# Java VM: Java HotSpot(TM) 64-Bit Server VM (25.131-b11 mixed mode windows-amd64 compressed oops)
Heap:
 PSYoungGen      total 449536K, used 395430K [0x00000000e0000000, 0x0000000100000000, 0x0000000100000000)
  eden space 416256K, 89% used [0x00000000e0000000,0x00000000f6b7bfd8,0x00000000f9680000)
  from space 33280K, 69% used [0x00000000f9680000,0x00000000fad2db18,0x00000000fb700000)
  to   space 34304K, 0% used [0x00000000fde80000,0x00000000fde80000,0x0000000100000000)
 ParOldGen       total 131072K, used 76132K [0x00000000a0000000, 0x00000000a8000000, 0x00000000e0000000)
  object space 131072K, 58% used [0x00000000a0000000,0x00000000a4a590e0,0x00000000a8000000)
 Metaspace       used 69576K, capacity 72090K, committed 72216K, reserved 1112064K
  class space    used 9154K, capacity 9762K, committed 9776K, reserved 1048576K
GC Heap History (10 events):
Event: 13.136 GC heap before
{Heap before GC invocations=10 (full 2):
 PSYoungGen      total 183808K, used 183791K [0x00000000e0000000, 0x00000000f3500000, 0x0000000100000000)
  eden space 169472K, 100% used [0x00000000e0000000,0x00000000ea580000,0x00000000ea580000)
  from space 14336K, 99% used [0x00000000ea580000,0x00000000eb37bf70,0x00000000eb380000)
  to   space 16384K, 0% used [0x00000000f2500000,0x00000000f2500000,0x00000000f3500000)
 ParOldGen       total 96256K, used 18415K [0x00000000a0000000, 0x00000000a5e00000, 0x00000000e0000000)
  object space 96256K, 19% used [0x00000000a0000000,0x00000000a11fbea8,0x00000000a5e00000)
 Metaspace       used 56982K, capacity 58824K, committed 59160K, reserved 1099776K
  class space    used 7994K, capacity 8443K, committed 8496K, reserved 1048576K
Event: 13.170 GC heap after
Heap after GC invocations=10 (full 2):
 PSYoungGen      total 292352K, used 16352K [0x00000000e0000000, 0x00000000f3e00000, 0x0000000100000000)
  eden space 275968K, 0% used [0x00000000e0000000,0x00000000e0000000,0x00000000f0d80000)
  from space 16384K, 99% used [0x00000000f2500000,0x00000000f34f8240,0x00000000f3500000)
  to   space 24064K, 0% used [0x00000000f0d80000,0x00000000f0d80000,0x00000000f2500000)
 ParOldGen       total 96256K, used 31382K [0x00000000a0000000, 0x00000000a5e00000, 0x00000000e0000000)
  object space 96256K, 32% used [0x00000000a0000000,0x00000000a1ea58d0,0x00000000a5e00000)
 Metaspace       used 56982K, capacity 58824K, committed 59160K, reserved 1099776K
  class space    used 7994K, capacity 8443K, committed 8496K, reserved 1048576K
}
Event: 13.182 GC heap before
{Heap before GC invocations=11 (full 2):
 PSYoungGen      total 292352K, used 21075K [0x00000000e0000000, 0x00000000f3e00000, 0x0000000100000000)
  eden space 275968K, 1% used [0x00000000e0000000,0x00000000e049ccc0,0x00000000f0d80000)
  from space 16384K, 99% used [0x00000000f2500000,0x00000000f34f8240,0x00000000f3500000)
  to   space 24064K, 0% used [0x00000000f0d80000,0x00000000f0d80000,0x00000000f2500000)
 ParOldGen       total 96256K, used 31382K [0x00000000a0000000, 0x00000000a5e00000, 0x00000000e0000000)
  object space 96256K, 32% used [0x00000000a0000000,0x00000000a1ea58d0,0x00000000a5e00000)
 Metaspace       used 57179K, capacity 58952K, committed 59160K, reserved 1099776K
  class space    used 8008K, capacity 8443K, committed 8496K, reserved 1048576K
Event: 13.204 GC heap after
Heap after GC invocations=11 (full 2):
 PSYoungGen      total 300032K, used 16456K [0x00000000e0000000, 0x00000000fcf00000, 0x0000000100000000)
  eden space 275968K, 0% used [0x00000000e0000000,0x00000000e0000000,0x00000000f0d80000)
  from space 24064K, 68% used [0x00000000f0d80000,0x00000000f1d923d0,0x00000000f2500000)
  to   space 24576K, 0% used [0x00000000fb700000,0x00000000fb700000,0x00000000fcf00000)
 ParOldGen       total 96256K, used 31390K [0x00000000a0000000, 0x00000000a5e00000, 0x00000000e0000000)
  object space 96256K, 32% used [0x00000000a0000000,0x00000000a1ea78d0,0x00000000a5e00000)
 Metaspace       used 57179K, capacity 58952K, committed 59160K, reserved 1099776K
  class space    used 8008K, capacity 8443K, committed 8496K, reserved 1048576K
}
Event: 13.204 GC heap before
{Heap before GC invocations=12 (full 3):
 PSYoungGen      total 300032K, used 16456K [0x00000000e0000000, 0x00000000fcf00000, 0x0000000100000000)
  eden space 275968K, 0% used [0x00000000e0000000,0x00000000e0000000,0x00000000f0d80000)
  from space 24064K, 68% used [0x00000000f0d80000,0x00000000f1d923d0,0x00000000f2500000)
  to   space 24576K, 0% used [0x00000000fb700000,0x00000000fb700000,0x00000000fcf00000)
 ParOldGen       total 96256K, used 31390K [0x00000000a0000000, 0x00000000a5e00000, 0x00000000e0000000)
  object space 96256K, 32% used [0x00000000a0000000,0x00000000a1ea78d0,0x00000000a5e00000)
 Metaspace       used 57179K, capacity 58952K, committed 59160K, reserved 1099776K
  class space    used 8008K, capacity 8443K, committed 8496K, reserved 1048576K
Event: 13.398 GC heap after
Heap after GC invocations=12 (full 3):
 PSYoungGen      total 300032K, used 0K [0x00000000e0000000, 0x00000000fcf00000, 0x0000000100000000)
  eden space 275968K, 0% used [0x00000000e0000000,0x00000000e0000000,0x00000000f0d80000)
  from space 24064K, 0% used [0x00000000f0d80000,0x00000000f0d80000,0x00000000f2500000)
  to   space 24576K, 0% used [0x00000000fb700000,0x00000000fb700000,0x00000000fcf00000)
 ParOldGen       total 131072K, used 42675K [0x00000000a0000000, 0x00000000a8000000, 0x00000000e0000000)
  object space 131072K, 32% used [0x00000000a0000000,0x00000000a29ace20,0x00000000a8000000)
 Metaspace       used 57179K, capacity 58952K, committed 59160K, reserved 1099776K
  class space    used 8008K, capacity 8443K, committed 8496K, reserved 1048576K
}
Event: 18.321 GC heap before
{Heap before GC invocations=13 (full 3):
 PSYoungGen      total 300032K, used 275968K [0x00000000e0000000, 0x00000000fcf00000, 0x0000000100000000)
  eden space 275968K, 100% used [0x00000000e0000000,0x00000000f0d80000,0x00000000f0d80000)
  from space 24064K, 0% used [0x00000000f0d80000,0x00000000f0d80000,0x00000000f2500000)
  to   space 24576K, 0% used [0x00000000fb700000,0x00000000fb700000,0x00000000fcf00000)
 ParOldGen       total 131072K, used 42675K [0x00000000a0000000, 0x00000000a8000000, 0x00000000e0000000)
  object space 131072K, 32% used [0x00000000a0000000,0x00000000a29ace20,0x00000000a8000000)
 Metaspace       used 63132K, capacity 65118K, committed 65432K, reserved 1105920K
  class space    used 8543K, capacity 9052K, committed 9136K, reserved 1048576K
Event: 18.390 GC heap after
Heap after GC invocations=13 (full 3):
 PSYoungGen      total 440832K, used 24572K [0x00000000e0000000, 0x00000000fd780000, 0x0000000100000000)
  eden space 416256K, 0% used [0x00000000e0000000,0x00000000e0000000,0x00000000f9680000)
  from space 24576K, 99% used [0x00000000fb700000,0x00000000fceff0d8,0x00000000fcf00000)
  to   space 33280K, 0% used [0x00000000f9680000,0x00000000f9680000,0x00000000fb700000)
 ParOldGen       total 131072K, used 57232K [0x00000000a0000000, 0x00000000a8000000, 0x00000000e0000000)
  object space 131072K, 43% used [0x00000000a0000000,0x00000000a37e4138,0x00000000a8000000)
 Metaspace       used 63132K, capacity 65118K, committed 65432K, reserved 1105920K
  class space    used 8543K, capacity 9052K, committed 9136K, reserved 1048576K
}
Event: 87.446 GC heap before
{Heap before GC invocations=14 (full 3):
 PSYoungGen      total 440832K, used 440700K [0x00000000e0000000, 0x00000000fd780000, 0x0000000100000000)
  eden space 416256K, 99% used [0x00000000e0000000,0x00000000f96600e8,0x00000000f9680000)
  from space 24576K, 99% used [0x00000000fb700000,0x00000000fceff0d8,0x00000000fcf00000)
  to   space 33280K, 0% used [0x00000000f9680000,0x00000000f9680000,0x00000000fb700000)
 ParOldGen       total 131072K, used 57232K [0x00000000a0000000, 0x00000000a8000000, 0x00000000e0000000)
  object space 131072K, 43% used [0x00000000a0000000,0x00000000a37e4138,0x00000000a8000000)
 Metaspace       used 68659K, capacity 70900K, committed 71192K, reserved 1110016K
  class space    used 9115K, capacity 9655K, committed 9776K, reserved 1048576K
Event: 87.512 GC heap after
Heap after GC invocations=14 (full 3):
 PSYoungGen      total 449536K, used 23222K [0x00000000e0000000, 0x0000000100000000, 0x0000000100000000)
  eden space 416256K, 0% used [0x00000000e0000000,0x00000000e0000000,0x00000000f9680000)
  from space 33280K, 69% used [0x00000000f9680000,0x00000000fad2db18,0x00000000fb700000)
  to   space 34304K, 0% used [0x00000000fde80000,0x00000000fde80000,0x0000000100000000)
 ParOldGen       total 131072K, used 76132K [0x00000000a0000000, 0x00000000a8000000, 0x00000000e0000000)
  object space 131072K, 58% used [0x00000000a0000000,0x00000000a4a590e0,0x00000000a8000000)
 Metaspace       used 68659K, capacity 70900K, committed 71192K, reserved 1110016K
  class space    used 9115K, capacity 9655K, committed 9776K, reserved 1048576K
}

