# JRE version: Java(TM) SE Runtime Environment (8.0_131-b11) (build 1.8.0_131-b11)
# Java VM: Java HotSpot(TM) 64-Bit Server VM (25.131-b11 mixed mode windows-amd64 compressed oops)
Heap:
 PSYoungGen      total 404480K, used 36872K [0x00000000e0000000, 0x00000000fbc00000, 0x0000000100000000)
  eden space 360448K, 10% used [0x00000000e0000000,0x00000000e2402308,0x00000000f6000000)
  from space 44032K, 0% used [0x00000000f9100000,0x00000000f9100000,0x00000000fbc00000)
  to   space 47104K, 0% used [0x00000000f6000000,0x00000000f6000000,0x00000000f8e00000)
 ParOldGen       total 237568K, used 66581K [0x00000000a0000000, 0x00000000ae800000, 0x00000000e0000000)
  object space 237568K, 28% used [0x00000000a0000000,0x00000000a4105400,0x00000000ae800000)
 Metaspace       used 90206K, capacity 97666K, committed 100480K, reserved 1136640K
  class space    used 11216K, capacity 13031K, committed 13696K, reserved 1048576K
GC Heap History (10 events):
Event: 10565.738 GC heap before
{Heap before GC invocations=44 (full 3):
 PSYoungGen      total 303616K, used 293999K [0x00000000e0000000, 0x00000000f6100000, 0x0000000100000000)
  eden space 256512K, 99% used [0x00000000e0000000,0x00000000ef9a4be0,0x00000000efa80000)
  from space 47104K, 81% used [0x00000000f2a80000,0x00000000f4ff7038,0x00000000f5880000)
  to   space 49152K, 0% used [0x00000000efa80000,0x00000000efa80000,0x00000000f2a80000)
 ParOldGen       total 196608K, used 134387K [0x00000000a0000000, 0x00000000ac000000, 0x00000000e0000000)
  object space 196608K, 68% used [0x00000000a0000000,0x00000000a833ce90,0x00000000ac000000)
 Metaspace       used 83550K, capacity 92120K, committed 92416K, reserved 1128448K
  class space    used 10931K, capacity 13012K, committed 13056K, reserved 1048576K
Event: 10565.747 GC heap after
Heap after GC invocations=44 (full 3):
 PSYoungGen      total 305664K, used 23677K [0x00000000e0000000, 0x00000000f8480000, 0x0000000100000000)
  eden space 256512K, 0% used [0x00000000e0000000,0x00000000e0000000,0x00000000efa80000)
  from space 49152K, 48% used [0x00000000efa80000,0x00000000f119f438,0x00000000f2a80000)
  to   space 48128K, 0% used [0x00000000f5580000,0x00000000f5580000,0x00000000f8480000)
 ParOldGen       total 196608K, used 135043K [0x00000000a0000000, 0x00000000ac000000, 0x00000000e0000000)
  object space 196608K, 68% used [0x00000000a0000000,0x00000000a83e0e90,0x00000000ac000000)
 Metaspace       used 83550K, capacity 92120K, committed 92416K, reserved 1128448K
  class space    used 10931K, capacity 13012K, committed 13056K, reserved 1048576K
}
Event: 10565.779 GC heap before
{Heap before GC invocations=45 (full 3):
 PSYoungGen      total 305664K, used 279244K [0x00000000e0000000, 0x00000000f8480000, 0x0000000100000000)
  eden space 256512K, 99% used [0x00000000e0000000,0x00000000ef993e60,0x00000000efa80000)
  from space 49152K, 48% used [0x00000000efa80000,0x00000000f119f438,0x00000000f2a80000)
  to   space 48128K, 0% used [0x00000000f5580000,0x00000000f5580000,0x00000000f8480000)
 ParOldGen       total 196608K, used 135043K [0x00000000a0000000, 0x00000000ac000000, 0x00000000e0000000)
  object space 196608K, 68% used [0x00000000a0000000,0x00000000a83e0e90,0x00000000ac000000)
 Metaspace       used 83555K, capacity 92120K, committed 92416K, reserved 1128448K
  class space    used 10931K, capacity 13012K, committed 13056K, reserved 1048576K
Event: 10565.794 GC heap after
Heap after GC invocations=45 (full 3):
 PSYoungGen      total 350208K, used 19099K [0x00000000e0000000, 0x00000000f8b00000, 0x0000000100000000)
  eden space 302080K, 0% used [0x00000000e0000000,0x00000000e0000000,0x00000000f2700000)
  from space 48128K, 39% used [0x00000000f5580000,0x00000000f6826d18,0x00000000f8480000)
  to   space 47616K, 0% used [0x00000000f2700000,0x00000000f2700000,0x00000000f5580000)
 ParOldGen       total 196608K, used 135387K [0x00000000a0000000, 0x00000000ac000000, 0x00000000e0000000)
  object space 196608K, 68% used [0x00000000a0000000,0x00000000a8436e90,0x00000000ac000000)
 Metaspace       used 83555K, capacity 92120K, committed 92416K, reserved 1128448K
  class space    used 10931K, capacity 13012K, committed 13056K, reserved 1048576K
}
Event: 10588.126 GC heap before
{Heap before GC invocations=46 (full 3):
 PSYoungGen      total 350208K, used 321179K [0x00000000e0000000, 0x00000000f8b00000, 0x0000000100000000)
  eden space 302080K, 100% used [0x00000000e0000000,0x00000000f2700000,0x00000000f2700000)
  from space 48128K, 39% used [0x00000000f5580000,0x00000000f6826d18,0x00000000f8480000)
  to   space 47616K, 0% used [0x00000000f2700000,0x00000000f2700000,0x00000000f5580000)
 ParOldGen       total 196608K, used 135387K [0x00000000a0000000, 0x00000000ac000000, 0x00000000e0000000)
  object space 196608K, 68% used [0x00000000a0000000,0x00000000a8436e90,0x00000000ac000000)
 Metaspace       used 83801K, capacity 92402K, committed 92544K, reserved 1128448K
  class space    used 10960K, capacity 13057K, committed 13184K, reserved 1048576K
Event: 10588.137 GC heap after
Heap after GC invocations=46 (full 3):
 PSYoungGen      total 349696K, used 10662K [0x00000000e0000000, 0x00000000fc080000, 0x0000000100000000)
  eden space 302080K, 0% used [0x00000000e0000000,0x00000000e0000000,0x00000000f2700000)
  from space 47616K, 22% used [0x00000000f2700000,0x00000000f3169818,0x00000000f5580000)
  to   space 48640K, 0% used [0x00000000f9100000,0x00000000f9100000,0x00000000fc080000)
 ParOldGen       total 196608K, used 135603K [0x00000000a0000000, 0x00000000ac000000, 0x00000000e0000000)
  object space 196608K, 68% used [0x00000000a0000000,0x00000000a846ce90,0x00000000ac000000)
 Metaspace       used 83801K, capacity 92402K, committed 92544K, reserved 1128448K
  class space    used 10960K, capacity 13057K, committed 13184K, reserved 1048576K
}
Event: 10594.559 GC heap before
{Heap before GC invocations=47 (full 3):
 PSYoungGen      total 349696K, used 177113K [0x00000000e0000000, 0x00000000fc080000, 0x0000000100000000)
  eden space 302080K, 55% used [0x00000000e0000000,0x00000000ea28ce48,0x00000000f2700000)
  from space 47616K, 22% used [0x00000000f2700000,0x00000000f3169818,0x00000000f5580000)
  to   space 48640K, 0% used [0x00000000f9100000,0x00000000f9100000,0x00000000fc080000)
 ParOldGen       total 196608K, used 135603K [0x00000000a0000000, 0x00000000ac000000, 0x00000000e0000000)
  object space 196608K, 68% used [0x00000000a0000000,0x00000000a846ce90,0x00000000ac000000)
 Metaspace       used 89803K, capacity 98410K, committed 98600K, reserved 1134592K
  class space    used 11519K, capacity 13611K, committed 13696K, reserved 1048576K
Event: 10594.622 GC heap after
Heap after GC invocations=47 (full 3):
 PSYoungGen      total 404480K, used 19368K [0x00000000e0000000, 0x00000000fbc00000, 0x0000000100000000)
  eden space 360448K, 0% used [0x00000000e0000000,0x00000000e0000000,0x00000000f6000000)
  from space 44032K, 43% used [0x00000000f9100000,0x00000000fa3ea208,0x00000000fbc00000)
  to   space 47104K, 0% used [0x00000000f6000000,0x00000000f6000000,0x00000000f8e00000)
 ParOldGen       total 196608K, used 135715K [0x00000000a0000000, 0x00000000ac000000, 0x00000000e0000000)
  object space 196608K, 69% used [0x00000000a0000000,0x00000000a8488e90,0x00000000ac000000)
 Metaspace       used 89803K, capacity 98410K, committed 98600K, reserved 1134592K
  class space    used 11519K, capacity 13611K, committed 13696K, reserved 1048576K
}
Event: 10594.622 GC heap before
{Heap before GC invocations=48 (full 4):
 PSYoungGen      total 404480K, used 19368K [0x00000000e0000000, 0x00000000fbc00000, 0x0000000100000000)
  eden space 360448K, 0% used [0x00000000e0000000,0x00000000e0000000,0x00000000f6000000)
  from space 44032K, 43% used [0x00000000f9100000,0x00000000fa3ea208,0x00000000fbc00000)
  to   space 47104K, 0% used [0x00000000f6000000,0x00000000f6000000,0x00000000f8e00000)
 ParOldGen       total 196608K, used 135715K [0x00000000a0000000, 0x00000000ac000000, 0x00000000e0000000)
  object space 196608K, 69% used [0x00000000a0000000,0x00000000a8488e90,0x00000000ac000000)
 Metaspace       used 89803K, capacity 98410K, committed 98600K, reserved 1134592K
  class space    used 11519K, capacity 13611K, committed 13696K, reserved 1048576K
Event: 10594.912 GC heap after
Heap after GC invocations=48 (full 4):
 PSYoungGen      total 404480K, used 0K [0x00000000e0000000, 0x00000000fbc00000, 0x0000000100000000)
  eden space 360448K, 0% used [0x00000000e0000000,0x00000000e0000000,0x00000000f6000000)
  from space 44032K, 0% used [0x00000000f9100000,0x00000000f9100000,0x00000000fbc00000)
  to   space 47104K, 0% used [0x00000000f6000000,0x00000000f6000000,0x00000000f8e00000)
 ParOldGen       total 237568K, used 66581K [0x00000000a0000000, 0x00000000ae800000, 0x00000000e0000000)
  object space 237568K, 28% used [0x00000000a0000000,0x00000000a4105400,0x00000000ae800000)
 Metaspace       used 87736K, capacity 95170K, committed 98600K, reserved 1134592K
  class space    used 11097K, capacity 12903K, committed 13696K, reserved 1048576K
}

