# JRE version: Java(TM) SE Runtime Environment (8.0_131-b11) (build 1.8.0_131-b11)
# Java VM: Java HotSpot(TM) 64-Bit Server VM (25.131-b11 mixed mode windows-amd64 compressed oops)
Heap:
 PSYoungGen      total 123904K, used 17781K [0x00000000eab00000, 0x00000000f5380000, 0x0000000100000000)
  eden space 113152K, 6% used [0x00000000eab00000,0x00000000eb1dd8a8,0x00000000f1980000)
  from space 10752K, 99% used [0x00000000f1980000,0x00000000f23ffc30,0x00000000f2400000)
  to   space 12288K, 0% used [0x00000000f4780000,0x00000000f4780000,0x00000000f5380000)
 ParOldGen       total 120832K, used 17987K [0x00000000c0000000, 0x00000000c7600000, 0x00000000eab00000)
  object space 120832K, 14% used [0x00000000c0000000,0x00000000c1190d90,0x00000000c7600000)
 Metaspace       used 48617K, capacity 49766K, committed 49840K, reserved 1091584K
  class space    used 6509K, capacity 6825K, committed 6832K, reserved 1048576K
GC Heap History (10 events):
Event: 5.407 GC heap before
{Heap before GC invocations=7 (full 1):
 PSYoungGen      total 57344K, used 57319K [0x00000000eab00000, 0x00000000f0a00000, 0x0000000100000000)
  eden space 49152K, 100% used [0x00000000eab00000,0x00000000edb00000,0x00000000edb00000)
  from space 8192K, 99% used [0x00000000edb00000,0x00000000ee2f9d80,0x00000000ee300000)
  to   space 11264K, 0% used [0x00000000eff00000,0x00000000eff00000,0x00000000f0a00000)
 ParOldGen       total 80896K, used 10623K [0x00000000c0000000, 0x00000000c4f00000, 0x00000000eab00000)
  object space 80896K, 13% used [0x00000000c0000000,0x00000000c0a5ff88,0x00000000c4f00000)
 Metaspace       used 33509K, capacity 34120K, committed 34480K, reserved 1079296K
  class space    used 4511K, capacity 4707K, committed 4784K, reserved 1048576K
Event: 5.420 GC heap after
Heap after GC invocations=7 (full 1):
 PSYoungGen      total 84992K, used 8046K [0x00000000eab00000, 0x00000000f0900000, 0x0000000100000000)
  eden space 74752K, 0% used [0x00000000eab00000,0x00000000eab00000,0x00000000ef400000)
  from space 10240K, 78% used [0x00000000eff00000,0x00000000f06dba90,0x00000000f0900000)
  to   space 10752K, 0% used [0x00000000ef400000,0x00000000ef400000,0x00000000efe80000)
 ParOldGen       total 80896K, used 10623K [0x00000000c0000000, 0x00000000c4f00000, 0x00000000eab00000)
  object space 80896K, 13% used [0x00000000c0000000,0x00000000c0a5ff88,0x00000000c4f00000)
 Metaspace       used 33509K, capacity 34120K, committed 34480K, reserved 1079296K
  class space    used 4511K, capacity 4707K, committed 4784K, reserved 1048576K
}
Event: 9.060 GC heap before
{Heap before GC invocations=8 (full 1):
 PSYoungGen      total 84992K, used 31608K [0x00000000eab00000, 0x00000000f0900000, 0x0000000100000000)
  eden space 74752K, 31% used [0x00000000eab00000,0x00000000ec202630,0x00000000ef400000)
  from space 10240K, 78% used [0x00000000eff00000,0x00000000f06dba90,0x00000000f0900000)
  to   space 10752K, 0% used [0x00000000ef400000,0x00000000ef400000,0x00000000efe80000)
 ParOldGen       total 80896K, used 10623K [0x00000000c0000000, 0x00000000c4f00000, 0x00000000eab00000)
  object space 80896K, 13% used [0x00000000c0000000,0x00000000c0a5ff88,0x00000000c4f00000)
 Metaspace       used 34679K, capacity 35356K, committed 35496K, reserved 1079296K
  class space    used 4673K, capacity 4886K, committed 4912K, reserved 1048576K
Event: 9.100 GC heap after
Heap after GC invocations=8 (full 1):
 PSYoungGen      total 85504K, used 9007K [0x00000000eab00000, 0x00000000f2f00000, 0x0000000100000000)
  eden space 74752K, 0% used [0x00000000eab00000,0x00000000eab00000,0x00000000ef400000)
  from space 10752K, 83% used [0x00000000ef400000,0x00000000efccbe48,0x00000000efe80000)
  to   space 11264K, 0% used [0x00000000f2400000,0x00000000f2400000,0x00000000f2f00000)
 ParOldGen       total 80896K, used 10631K [0x00000000c0000000, 0x00000000c4f00000, 0x00000000eab00000)
  object space 80896K, 13% used [0x00000000c0000000,0x00000000c0a61f88,0x00000000c4f00000)
 Metaspace       used 34679K, capacity 35356K, committed 35496K, reserved 1079296K
  class space    used 4673K, capacity 4886K, committed 4912K, reserved 1048576K
}
Event: 9.101 GC heap before
{Heap before GC invocations=9 (full 2):
 PSYoungGen      total 85504K, used 9007K [0x00000000eab00000, 0x00000000f2f00000, 0x0000000100000000)
  eden space 74752K, 0% used [0x00000000eab00000,0x00000000eab00000,0x00000000ef400000)
  from space 10752K, 83% used [0x00000000ef400000,0x00000000efccbe48,0x00000000efe80000)
  to   space 11264K, 0% used [0x00000000f2400000,0x00000000f2400000,0x00000000f2f00000)
 ParOldGen       total 80896K, used 10631K [0x00000000c0000000, 0x00000000c4f00000, 0x00000000eab00000)
  object space 80896K, 13% used [0x00000000c0000000,0x00000000c0a61f88,0x00000000c4f00000)
 Metaspace       used 34679K, capacity 35356K, committed 35496K, reserved 1079296K
  class space    used 4673K, capacity 4886K, committed 4912K, reserved 1048576K
Event: 9.186 GC heap after
Heap after GC invocations=9 (full 2):
 PSYoungGen      total 85504K, used 0K [0x00000000eab00000, 0x00000000f2f00000, 0x0000000100000000)
  eden space 74752K, 0% used [0x00000000eab00000,0x00000000eab00000,0x00000000ef400000)
  from space 10752K, 0% used [0x00000000ef400000,0x00000000ef400000,0x00000000efe80000)
  to   space 11264K, 0% used [0x00000000f2400000,0x00000000f2400000,0x00000000f2f00000)
 ParOldGen       total 120832K, used 15582K [0x00000000c0000000, 0x00000000c7600000, 0x00000000eab00000)
  object space 120832K, 12% used [0x00000000c0000000,0x00000000c0f37970,0x00000000c7600000)
 Metaspace       used 34653K, capacity 35326K, committed 35496K, reserved 1079296K
  class space    used 4664K, capacity 4876K, committed 4912K, reserved 1048576K
}
Event: 9.845 GC heap before
{Heap before GC invocations=10 (full 2):
 PSYoungGen      total 85504K, used 74752K [0x00000000eab00000, 0x00000000f2f00000, 0x0000000100000000)
  eden space 74752K, 100% used [0x00000000eab00000,0x00000000ef400000,0x00000000ef400000)
  from space 10752K, 0% used [0x00000000ef400000,0x00000000ef400000,0x00000000efe80000)
  to   space 11264K, 0% used [0x00000000f2400000,0x00000000f2400000,0x00000000f2f00000)
 ParOldGen       total 120832K, used 15582K [0x00000000c0000000, 0x00000000c7600000, 0x00000000eab00000)
  object space 120832K, 12% used [0x00000000c0000000,0x00000000c0f37970,0x00000000c7600000)
 Metaspace       used 41053K, capacity 41888K, committed 42032K, reserved 1085440K
  class space    used 5442K, capacity 5669K, committed 5680K, reserved 1048576K
Event: 9.858 GC heap after
Heap after GC invocations=10 (full 2):
 PSYoungGen      total 124416K, used 7879K [0x00000000eab00000, 0x00000000f2f00000, 0x0000000100000000)
  eden space 113152K, 0% used [0x00000000eab00000,0x00000000eab00000,0x00000000f1980000)
  from space 11264K, 69% used [0x00000000f2400000,0x00000000f2bb1e00,0x00000000f2f00000)
  to   space 10752K, 0% used [0x00000000f1980000,0x00000000f1980000,0x00000000f2400000)
 ParOldGen       total 120832K, used 15590K [0x00000000c0000000, 0x00000000c7600000, 0x00000000eab00000)
  object space 120832K, 12% used [0x00000000c0000000,0x00000000c0f39970,0x00000000c7600000)
 Metaspace       used 41053K, capacity 41888K, committed 42032K, reserved 1085440K
  class space    used 5442K, capacity 5669K, committed 5680K, reserved 1048576K
}
Event: 11.292 GC heap before
{Heap before GC invocations=11 (full 2):
 PSYoungGen      total 124416K, used 121031K [0x00000000eab00000, 0x00000000f2f00000, 0x0000000100000000)
  eden space 113152K, 100% used [0x00000000eab00000,0x00000000f1980000,0x00000000f1980000)
  from space 11264K, 69% used [0x00000000f2400000,0x00000000f2bb1e00,0x00000000f2f00000)
  to   space 10752K, 0% used [0x00000000f1980000,0x00000000f1980000,0x00000000f2400000)
 ParOldGen       total 120832K, used 15590K [0x00000000c0000000, 0x00000000c7600000, 0x00000000eab00000)
  object space 120832K, 12% used [0x00000000c0000000,0x00000000c0f39970,0x00000000c7600000)
 Metaspace       used 48090K, capacity 49332K, committed 49584K, reserved 1091584K
  class space    used 6421K, capacity 6746K, committed 6832K, reserved 1048576K
Event: 11.310 GC heap after
Heap after GC invocations=11 (full 2):
 PSYoungGen      total 123904K, used 10751K [0x00000000eab00000, 0x00000000f5380000, 0x0000000100000000)
  eden space 113152K, 0% used [0x00000000eab00000,0x00000000eab00000,0x00000000f1980000)
  from space 10752K, 99% used [0x00000000f1980000,0x00000000f23ffc30,0x00000000f2400000)
  to   space 12288K, 0% used [0x00000000f4780000,0x00000000f4780000,0x00000000f5380000)
 ParOldGen       total 120832K, used 17987K [0x00000000c0000000, 0x00000000c7600000, 0x00000000eab00000)
  object space 120832K, 14% used [0x00000000c0000000,0x00000000c1190d90,0x00000000c7600000)
 Metaspace       used 48090K, capacity 49332K, committed 49584K, reserved 1091584K
  class space    used 6421K, capacity 6746K, committed 6832K, reserved 1048576K
}

