# JRE version: Java(TM) SE Runtime Environment (8.0_131-b11) (build 1.8.0_131-b11)
# Java VM: Java HotSpot(TM) 64-Bit Server VM (25.131-b11 mixed mode windows-amd64 compressed oops)
Heap:
 PSYoungGen      total 182784K, used 24021K [0x00000000eab00000, 0x00000000f7b00000, 0x0000000100000000)
  eden space 174592K, 9% used [0x00000000eab00000,0x00000000eba7d5c8,0x00000000f5580000)
  from space 8192K, 99% used [0x00000000f7300000,0x00000000f7af8008,0x00000000f7b00000)
  to   space 8192K, 0% used [0x00000000f6b00000,0x00000000f6b00000,0x00000000f7300000)
 ParOldGen       total 91136K, used 23659K [0x00000000c0000000, 0x00000000c5900000, 0x00000000eab00000)
  object space 91136K, 25% used [0x00000000c0000000,0x00000000c171ae40,0x00000000c5900000)
 Metaspace       used 46151K, capacity 47430K, committed 47576K, reserved 1089536K
  class space    used 6252K, capacity 6599K, committed 6656K, reserved 1048576K
GC Heap History (10 events):
Event: 9.001 GC heap before
{Heap before GC invocations=4 (full 1):
 PSYoungGen      total 106496K, used 8160K [0x00000000eab00000, 0x00000000f7b00000, 0x0000000100000000)
  eden space 98304K, 0% used [0x00000000eab00000,0x00000000eab00000,0x00000000f0b00000)
  from space 8192K, 99% used [0x00000000f0b00000,0x00000000f12f82d8,0x00000000f1300000)
  to   space 8192K, 0% used [0x00000000f7300000,0x00000000f7300000,0x00000000f7b00000)
 ParOldGen       total 131072K, used 1553K [0x00000000c0000000, 0x00000000c8000000, 0x00000000eab00000)
  object space 131072K, 1% used [0x00000000c0000000,0x00000000c0184778,0x00000000c8000000)
 Metaspace       used 20749K, capacity 21148K, committed 21248K, reserved 1067008K
  class space    used 2879K, capacity 3045K, committed 3072K, reserved 1048576K
Event: 9.123 GC heap after
Heap after GC invocations=4 (full 1):
 PSYoungGen      total 106496K, used 0K [0x00000000eab00000, 0x00000000f7b00000, 0x0000000100000000)
  eden space 98304K, 0% used [0x00000000eab00000,0x00000000eab00000,0x00000000f0b00000)
  from space 8192K, 0% used [0x00000000f0b00000,0x00000000f0b00000,0x00000000f1300000)
  to   space 8192K, 0% used [0x00000000f7300000,0x00000000f7300000,0x00000000f7b00000)
 ParOldGen       total 68608K, used 8787K [0x00000000c0000000, 0x00000000c4300000, 0x00000000eab00000)
  object space 68608K, 12% used [0x00000000c0000000,0x00000000c0894c70,0x00000000c4300000)
 Metaspace       used 20749K, capacity 21148K, committed 21248K, reserved 1067008K
  class space    used 2879K, capacity 3045K, committed 3072K, reserved 1048576K
}
Event: 14.881 GC heap before
{Heap before GC invocations=5 (full 1):
 PSYoungGen      total 106496K, used 98304K [0x00000000eab00000, 0x00000000f7b00000, 0x0000000100000000)
  eden space 98304K, 100% used [0x00000000eab00000,0x00000000f0b00000,0x00000000f0b00000)
  from space 8192K, 0% used [0x00000000f0b00000,0x00000000f0b00000,0x00000000f1300000)
  to   space 8192K, 0% used [0x00000000f7300000,0x00000000f7300000,0x00000000f7b00000)
 ParOldGen       total 68608K, used 8787K [0x00000000c0000000, 0x00000000c4300000, 0x00000000eab00000)
  object space 68608K, 12% used [0x00000000c0000000,0x00000000c0894c70,0x00000000c4300000)
 Metaspace       used 28387K, capacity 28926K, committed 29056K, reserved 1075200K
  class space    used 3974K, capacity 4151K, committed 4224K, reserved 1048576K
Event: 14.912 GC heap after
Heap after GC invocations=5 (full 1):
 PSYoungGen      total 182784K, used 8173K [0x00000000eab00000, 0x00000000f7b00000, 0x0000000100000000)
  eden space 174592K, 0% used [0x00000000eab00000,0x00000000eab00000,0x00000000f5580000)
  from space 8192K, 99% used [0x00000000f7300000,0x00000000f7afb7f0,0x00000000f7b00000)
  to   space 8192K, 0% used [0x00000000f6b00000,0x00000000f6b00000,0x00000000f7300000)
 ParOldGen       total 68608K, used 11193K [0x00000000c0000000, 0x00000000c4300000, 0x00000000eab00000)
  object space 68608K, 16% used [0x00000000c0000000,0x00000000c0aee4a0,0x00000000c4300000)
 Metaspace       used 28387K, capacity 28926K, committed 29056K, reserved 1075200K
  class space    used 3974K, capacity 4151K, committed 4224K, reserved 1048576K
}
Event: 24.879 GC heap before
{Heap before GC invocations=6 (full 1):
 PSYoungGen      total 182784K, used 88144K [0x00000000eab00000, 0x00000000f7b00000, 0x0000000100000000)
  eden space 174592K, 45% used [0x00000000eab00000,0x00000000ef918c00,0x00000000f5580000)
  from space 8192K, 99% used [0x00000000f7300000,0x00000000f7afb7f0,0x00000000f7b00000)
  to   space 8192K, 0% used [0x00000000f6b00000,0x00000000f6b00000,0x00000000f7300000)
 ParOldGen       total 68608K, used 11193K [0x00000000c0000000, 0x00000000c4300000, 0x00000000eab00000)
  object space 68608K, 16% used [0x00000000c0000000,0x00000000c0aee4a0,0x00000000c4300000)
 Metaspace       used 34627K, capacity 35310K, committed 35416K, reserved 1079296K
  class space    used 4695K, capacity 4940K, committed 4992K, reserved 1048576K
Event: 24.888 GC heap after
Heap after GC invocations=6 (full 1):
 PSYoungGen      total 182784K, used 8176K [0x00000000eab00000, 0x00000000f7b00000, 0x0000000100000000)
  eden space 174592K, 0% used [0x00000000eab00000,0x00000000eab00000,0x00000000f5580000)
  from space 8192K, 99% used [0x00000000f6b00000,0x00000000f72fc2b8,0x00000000f7300000)
  to   space 8192K, 0% used [0x00000000f7300000,0x00000000f7300000,0x00000000f7b00000)
 ParOldGen       total 68608K, used 13682K [0x00000000c0000000, 0x00000000c4300000, 0x00000000eab00000)
  object space 68608K, 19% used [0x00000000c0000000,0x00000000c0d5cae8,0x00000000c4300000)
 Metaspace       used 34627K, capacity 35310K, committed 35416K, reserved 1079296K
  class space    used 4695K, capacity 4940K, committed 4992K, reserved 1048576K
}
Event: 24.888 GC heap before
{Heap before GC invocations=7 (full 2):
 PSYoungGen      total 182784K, used 8176K [0x00000000eab00000, 0x00000000f7b00000, 0x0000000100000000)
  eden space 174592K, 0% used [0x00000000eab00000,0x00000000eab00000,0x00000000f5580000)
  from space 8192K, 99% used [0x00000000f6b00000,0x00000000f72fc2b8,0x00000000f7300000)
  to   space 8192K, 0% used [0x00000000f7300000,0x00000000f7300000,0x00000000f7b00000)
 ParOldGen       total 68608K, used 13682K [0x00000000c0000000, 0x00000000c4300000, 0x00000000eab00000)
  object space 68608K, 19% used [0x00000000c0000000,0x00000000c0d5cae8,0x00000000c4300000)
 Metaspace       used 34627K, capacity 35310K, committed 35416K, reserved 1079296K
  class space    used 4695K, capacity 4940K, committed 4992K, reserved 1048576K
Event: 24.955 GC heap after
Heap after GC invocations=7 (full 2):
 PSYoungGen      total 182784K, used 0K [0x00000000eab00000, 0x00000000f7b00000, 0x0000000100000000)
  eden space 174592K, 0% used [0x00000000eab00000,0x00000000eab00000,0x00000000f5580000)
  from space 8192K, 0% used [0x00000000f6b00000,0x00000000f6b00000,0x00000000f7300000)
  to   space 8192K, 0% used [0x00000000f7300000,0x00000000f7300000,0x00000000f7b00000)
 ParOldGen       total 91136K, used 17121K [0x00000000c0000000, 0x00000000c5900000, 0x00000000eab00000)
  object space 91136K, 18% used [0x00000000c0000000,0x00000000c10b8470,0x00000000c5900000)
 Metaspace       used 34627K, capacity 35310K, committed 35416K, reserved 1079296K
  class space    used 4695K, capacity 4940K, committed 4992K, reserved 1048576K
}
Event: 27.095 GC heap before
{Heap before GC invocations=8 (full 2):
 PSYoungGen      total 182784K, used 174592K [0x00000000eab00000, 0x00000000f7b00000, 0x0000000100000000)
  eden space 174592K, 100% used [0x00000000eab00000,0x00000000f5580000,0x00000000f5580000)
  from space 8192K, 0% used [0x00000000f6b00000,0x00000000f6b00000,0x00000000f7300000)
  to   space 8192K, 0% used [0x00000000f7300000,0x00000000f7300000,0x00000000f7b00000)
 ParOldGen       total 91136K, used 17121K [0x00000000c0000000, 0x00000000c5900000, 0x00000000eab00000)
  object space 91136K, 18% used [0x00000000c0000000,0x00000000c10b8470,0x00000000c5900000)
 Metaspace       used 45218K, capacity 46406K, committed 46680K, reserved 1089536K
  class space    used 6113K, capacity 6455K, committed 6528K, reserved 1048576K
Event: 27.109 GC heap after
Heap after GC invocations=8 (full 2):
 PSYoungGen      total 182784K, used 8160K [0x00000000eab00000, 0x00000000f7b00000, 0x0000000100000000)
  eden space 174592K, 0% used [0x00000000eab00000,0x00000000eab00000,0x00000000f5580000)
  from space 8192K, 99% used [0x00000000f7300000,0x00000000f7af8008,0x00000000f7b00000)
  to   space 8192K, 0% used [0x00000000f6b00000,0x00000000f6b00000,0x00000000f7300000)
 ParOldGen       total 91136K, used 23659K [0x00000000c0000000, 0x00000000c5900000, 0x00000000eab00000)
  object space 91136K, 25% used [0x00000000c0000000,0x00000000c171ae40,0x00000000c5900000)
 Metaspace       used 45218K, capacity 46406K, committed 46680K, reserved 1089536K
  class space    used 6113K, capacity 6455K, committed 6528K, reserved 1048576K
}

