# JRE version: Java(TM) SE Runtime Environment (8.0_131-b11) (build 1.8.0_131-b11)
# Java VM: Java HotSpot(TM) 64-Bit Server VM (25.131-b11 mixed mode windows-amd64 compressed oops)
Heap:
 PSYoungGen      total 248832K, used 34652K [0x00000000eab00000, 0x00000000fca00000, 0x0000000100000000)
  eden space 214016K, 2% used [0x00000000eab00000,0x00000000eaf4e778,0x00000000f7c00000)
  from space 34816K, 86% used [0x00000000fa600000,0x00000000fc388a18,0x00000000fc800000)
  to   space 39936K, 0% used [0x00000000f7c00000,0x00000000f7c00000,0x00000000fa300000)
 ParOldGen       total 204800K, used 159043K [0x00000000c0000000, 0x00000000cc800000, 0x00000000eab00000)
  object space 204800K, 77% used [0x00000000c0000000,0x00000000c9b50d98,0x00000000cc800000)
 Metaspace       used 79490K, capacity 88814K, committed 88980K, reserved 1126400K
  class space    used 10340K, capacity 11340K, committed 11412K, reserved 1048576K
GC Heap History (10 events):
Event: 29317.072 GC heap before
{Heap before GC invocations=111 (full 3):
 PSYoungGen      total 278528K, used 255684K [0x00000000eab00000, 0x00000000fec00000, 0x0000000100000000)
  eden space 247808K, 100% used [0x00000000eab00000,0x00000000f9d00000,0x00000000f9d00000)
  from space 30720K, 25% used [0x00000000f9d00000,0x00000000fa4b1120,0x00000000fbb00000)
  to   space 29696K, 0% used [0x00000000fcf00000,0x00000000fcf00000,0x00000000fec00000)
 ParOldGen       total 204800K, used 157713K [0x00000000c0000000, 0x00000000cc800000, 0x00000000eab00000)
  object space 204800K, 77% used [0x00000000c0000000,0x00000000c9a044b8,0x00000000cc800000)
 Metaspace       used 79092K, capacity 88166K, committed 88340K, reserved 1126400K
  class space    used 10291K, capacity 11280K, committed 11284K, reserved 1048576K
Event: 29317.078 GC heap after
Heap after GC invocations=111 (full 3):
 PSYoungGen      total 245760K, used 4736K [0x00000000eab00000, 0x00000000fd400000, 0x0000000100000000)
  eden space 240640K, 0% used [0x00000000eab00000,0x00000000eab00000,0x00000000f9600000)
  from space 5120K, 92% used [0x00000000fcf00000,0x00000000fd3a0020,0x00000000fd400000)
  to   space 28672K, 0% used [0x00000000f9c00000,0x00000000f9c00000,0x00000000fb800000)
 ParOldGen       total 204800K, used 157721K [0x00000000c0000000, 0x00000000cc800000, 0x00000000eab00000)
  object space 204800K, 77% used [0x00000000c0000000,0x00000000c9a064b8,0x00000000cc800000)
 Metaspace       used 79092K, capacity 88166K, committed 88340K, reserved 1126400K
  class space    used 10291K, capacity 11280K, committed 11284K, reserved 1048576K
}
Event: 29761.868 GC heap before
{Heap before GC invocations=112 (full 3):
 PSYoungGen      total 245760K, used 245376K [0x00000000eab00000, 0x00000000fd400000, 0x0000000100000000)
  eden space 240640K, 100% used [0x00000000eab00000,0x00000000f9600000,0x00000000f9600000)
  from space 5120K, 92% used [0x00000000fcf00000,0x00000000fd3a0020,0x00000000fd400000)
  to   space 28672K, 0% used [0x00000000f9c00000,0x00000000f9c00000,0x00000000fb800000)
 ParOldGen       total 204800K, used 157721K [0x00000000c0000000, 0x00000000cc800000, 0x00000000eab00000)
  object space 204800K, 77% used [0x00000000c0000000,0x00000000c9a064b8,0x00000000cc800000)
 Metaspace       used 79156K, capacity 88318K, committed 88468K, reserved 1126400K
  class space    used 10299K, capacity 11288K, committed 11412K, reserved 1048576K
Event: 29761.880 GC heap after
Heap after GC invocations=112 (full 3):
 PSYoungGen      total 255488K, used 22007K [0x00000000eab00000, 0x00000000fcf80000, 0x0000000100000000)
  eden space 233472K, 0% used [0x00000000eab00000,0x00000000eab00000,0x00000000f8f00000)
  from space 22016K, 99% used [0x00000000f9c00000,0x00000000fb17de00,0x00000000fb180000)
  to   space 30720K, 0% used [0x00000000fb180000,0x00000000fb180000,0x00000000fcf80000)
 ParOldGen       total 204800K, used 157721K [0x00000000c0000000, 0x00000000cc800000, 0x00000000eab00000)
  object space 204800K, 77% used [0x00000000c0000000,0x00000000c9a064b8,0x00000000cc800000)
 Metaspace       used 79156K, capacity 88318K, committed 88468K, reserved 1126400K
  class space    used 10299K, capacity 11288K, committed 11412K, reserved 1048576K
}
Event: 31056.869 GC heap before
{Heap before GC invocations=113 (full 3):
 PSYoungGen      total 255488K, used 255479K [0x00000000eab00000, 0x00000000fcf80000, 0x0000000100000000)
  eden space 233472K, 100% used [0x00000000eab00000,0x00000000f8f00000,0x00000000f8f00000)
  from space 22016K, 99% used [0x00000000f9c00000,0x00000000fb17de00,0x00000000fb180000)
  to   space 30720K, 0% used [0x00000000fb180000,0x00000000fb180000,0x00000000fcf80000)
 ParOldGen       total 204800K, used 157721K [0x00000000c0000000, 0x00000000cc800000, 0x00000000eab00000)
  object space 204800K, 77% used [0x00000000c0000000,0x00000000c9a064b8,0x00000000cc800000)
 Metaspace       used 79214K, capacity 88406K, committed 88724K, reserved 1126400K
  class space    used 10307K, capacity 11296K, committed 11412K, reserved 1048576K
Event: 31056.876 GC heap after
Heap after GC invocations=113 (full 3):
 PSYoungGen      total 245248K, used 6610K [0x00000000eab00000, 0x00000000fc380000, 0x0000000100000000)
  eden space 226816K, 0% used [0x00000000eab00000,0x00000000eab00000,0x00000000f8880000)
  from space 18432K, 35% used [0x00000000fb180000,0x00000000fb7f4ac8,0x00000000fc380000)
  to   space 30208K, 0% used [0x00000000f8880000,0x00000000f8880000,0x00000000fa600000)
 ParOldGen       total 204800K, used 157729K [0x00000000c0000000, 0x00000000cc800000, 0x00000000eab00000)
  object space 204800K, 77% used [0x00000000c0000000,0x00000000c9a084b8,0x00000000cc800000)
 Metaspace       used 79214K, capacity 88406K, committed 88724K, reserved 1126400K
  class space    used 10307K, capacity 11296K, committed 11412K, reserved 1048576K
}
Event: 31551.189 GC heap before
{Heap before GC invocations=114 (full 3):
 PSYoungGen      total 245248K, used 233426K [0x00000000eab00000, 0x00000000fc380000, 0x0000000100000000)
  eden space 226816K, 100% used [0x00000000eab00000,0x00000000f8880000,0x00000000f8880000)
  from space 18432K, 35% used [0x00000000fb180000,0x00000000fb7f4ac8,0x00000000fc380000)
  to   space 30208K, 0% used [0x00000000f8880000,0x00000000f8880000,0x00000000fa600000)
 ParOldGen       total 204800K, used 157729K [0x00000000c0000000, 0x00000000cc800000, 0x00000000eab00000)
  object space 204800K, 77% used [0x00000000c0000000,0x00000000c9a084b8,0x00000000cc800000)
 Metaspace       used 79279K, capacity 88558K, committed 88724K, reserved 1126400K
  class space    used 10315K, capacity 11304K, committed 11412K, reserved 1048576K
Event: 31551.207 GC heap after
Heap after GC invocations=114 (full 3):
 PSYoungGen      total 250368K, used 30192K [0x00000000eab00000, 0x00000000fc800000, 0x0000000100000000)
  eden space 220160K, 0% used [0x00000000eab00000,0x00000000eab00000,0x00000000f8200000)
  from space 30208K, 99% used [0x00000000f8880000,0x00000000fa5fc368,0x00000000fa600000)
  to   space 34816K, 0% used [0x00000000fa600000,0x00000000fa600000,0x00000000fc800000)
 ParOldGen       total 204800K, used 158507K [0x00000000c0000000, 0x00000000cc800000, 0x00000000eab00000)
  object space 204800K, 77% used [0x00000000c0000000,0x00000000c9acad58,0x00000000cc800000)
 Metaspace       used 79279K, capacity 88558K, committed 88724K, reserved 1126400K
  class space    used 10315K, capacity 11304K, committed 11412K, reserved 1048576K
}
Event: 31563.695 GC heap before
{Heap before GC invocations=115 (full 3):
 PSYoungGen      total 250368K, used 250352K [0x00000000eab00000, 0x00000000fc800000, 0x0000000100000000)
  eden space 220160K, 100% used [0x00000000eab00000,0x00000000f8200000,0x00000000f8200000)
  from space 30208K, 99% used [0x00000000f8880000,0x00000000fa5fc368,0x00000000fa600000)
  to   space 34816K, 0% used [0x00000000fa600000,0x00000000fa600000,0x00000000fc800000)
 ParOldGen       total 204800K, used 158507K [0x00000000c0000000, 0x00000000cc800000, 0x00000000eab00000)
  object space 204800K, 77% used [0x00000000c0000000,0x00000000c9acad58,0x00000000cc800000)
 Metaspace       used 79489K, capacity 88814K, committed 88980K, reserved 1126400K
  class space    used 10340K, capacity 11340K, committed 11412K, reserved 1048576K
Event: 31563.716 GC heap after
Heap after GC invocations=115 (full 3):
 PSYoungGen      total 248832K, used 30242K [0x00000000eab00000, 0x00000000fca00000, 0x0000000100000000)
  eden space 214016K, 0% used [0x00000000eab00000,0x00000000eab00000,0x00000000f7c00000)
  from space 34816K, 86% used [0x00000000fa600000,0x00000000fc388a18,0x00000000fc800000)
  to   space 39936K, 0% used [0x00000000f7c00000,0x00000000f7c00000,0x00000000fa300000)
 ParOldGen       total 204800K, used 159043K [0x00000000c0000000, 0x00000000cc800000, 0x00000000eab00000)
  object space 204800K, 77% used [0x00000000c0000000,0x00000000c9b50d98,0x00000000cc800000)
 Metaspace       used 79489K, capacity 88814K, committed 88980K, reserved 1126400K
  class space    used 10340K, capacity 11340K, committed 11412K, reserved 1048576K
}

