# JRE version: Java(TM) SE Runtime Environment (8.0_131-b11) (build 1.8.0_131-b11)
# Java VM: Java HotSpot(TM) 64-Bit Server VM (25.131-b11 mixed mode windows-amd64 compressed oops)
Heap:
 PSYoungGen      total 471552K, used 169293K [0x00000000e0000000, 0x0000000100000000, 0x0000000100000000)
  eden space 421376K, 36% used [0x00000000e0000000,0x00000000e979c1e0,0x00000000f9b80000)
  from space 50176K, 27% used [0x00000000fcb80000,0x00000000fd937460,0x00000000ffc80000)
  to   space 49152K, 0% used [0x00000000f9b80000,0x00000000f9b80000,0x00000000fcb80000)
 ParOldGen       total 440320K, used 322148K [0x00000000a0000000, 0x00000000bae00000, 0x00000000e0000000)
  object space 440320K, 73% used [0x00000000a0000000,0x00000000b3a991b8,0x00000000bae00000)
 Metaspace       used 101223K, capacity 110144K, committed 110384K, reserved 1146880K
  class space    used 12424K, capacity 13501K, committed 13616K, reserved 1048576K
GC Heap History (10 events):
Event: 20626.939 GC heap before
{Heap before GC invocations=82 (full 4):
 PSYoungGen      total 469504K, used 444005K [0x00000000e0000000, 0x00000000ffd80000, 0x0000000100000000)
  eden space 419328K, 100% used [0x00000000e0000000,0x00000000f9980000,0x00000000f9980000)
  from space 50176K, 49% used [0x00000000f9980000,0x00000000fb1997c0,0x00000000fca80000)
  to   space 48640K, 0% used [0x00000000fce00000,0x00000000fce00000,0x00000000ffd80000)
 ParOldGen       total 440320K, used 321265K [0x00000000a0000000, 0x00000000bae00000, 0x00000000e0000000)
  object space 440320K, 72% used [0x00000000a0000000,0x00000000b39bc558,0x00000000bae00000)
 Metaspace       used 100856K, capacity 109580K, committed 109744K, reserved 1144832K
  class space    used 12378K, capacity 13447K, committed 13488K, reserved 1048576K
Event: 20626.951 GC heap after
Heap after GC invocations=82 (full 4):
 PSYoungGen      total 473600K, used 10438K [0x00000000e0000000, 0x00000000ffd80000, 0x0000000100000000)
  eden space 424960K, 0% used [0x00000000e0000000,0x00000000e0000000,0x00000000f9f00000)
  from space 48640K, 21% used [0x00000000fce00000,0x00000000fd831850,0x00000000ffd80000)
  to   space 48128K, 0% used [0x00000000f9f00000,0x00000000f9f00000,0x00000000fce00000)
 ParOldGen       total 440320K, used 321713K [0x00000000a0000000, 0x00000000bae00000, 0x00000000e0000000)
  object space 440320K, 73% used [0x00000000a0000000,0x00000000b3a2c558,0x00000000bae00000)
 Metaspace       used 100856K, capacity 109580K, committed 109744K, reserved 1144832K
  class space    used 12378K, capacity 13447K, committed 13488K, reserved 1048576K
}
Event: 20639.458 GC heap before
{Heap before GC invocations=83 (full 4):
 PSYoungGen      total 473600K, used 435398K [0x00000000e0000000, 0x00000000ffd80000, 0x0000000100000000)
  eden space 424960K, 100% used [0x00000000e0000000,0x00000000f9f00000,0x00000000f9f00000)
  from space 48640K, 21% used [0x00000000fce00000,0x00000000fd831850,0x00000000ffd80000)
  to   space 48128K, 0% used [0x00000000f9f00000,0x00000000f9f00000,0x00000000fce00000)
 ParOldGen       total 440320K, used 321713K [0x00000000a0000000, 0x00000000bae00000, 0x00000000e0000000)
  object space 440320K, 73% used [0x00000000a0000000,0x00000000b3a2c558,0x00000000bae00000)
 Metaspace       used 101006K, capacity 109800K, committed 110000K, reserved 1146880K
  class space    used 12398K, capacity 13477K, committed 13488K, reserved 1048576K
Event: 20639.472 GC heap after
Heap after GC invocations=83 (full 4):
 PSYoungGen      total 473088K, used 48119K [0x00000000e0000000, 0x0000000100000000, 0x0000000100000000)
  eden space 424960K, 0% used [0x00000000e0000000,0x00000000e0000000,0x00000000f9f00000)
  from space 48128K, 99% used [0x00000000f9f00000,0x00000000fcdfdf30,0x00000000fce00000)
  to   space 51200K, 0% used [0x00000000fce00000,0x00000000fce00000,0x0000000100000000)
 ParOldGen       total 440320K, used 321900K [0x00000000a0000000, 0x00000000bae00000, 0x00000000e0000000)
  object space 440320K, 73% used [0x00000000a0000000,0x00000000b3a5b1b8,0x00000000bae00000)
 Metaspace       used 101006K, capacity 109800K, committed 110000K, reserved 1146880K
  class space    used 12398K, capacity 13477K, committed 13488K, reserved 1048576K
}
Event: 20697.843 GC heap before
{Heap before GC invocations=84 (full 4):
 PSYoungGen      total 473088K, used 473079K [0x00000000e0000000, 0x0000000100000000, 0x0000000100000000)
  eden space 424960K, 100% used [0x00000000e0000000,0x00000000f9f00000,0x00000000f9f00000)
  from space 48128K, 99% used [0x00000000f9f00000,0x00000000fcdfdf30,0x00000000fce00000)
  to   space 51200K, 0% used [0x00000000fce00000,0x00000000fce00000,0x0000000100000000)
 ParOldGen       total 440320K, used 321900K [0x00000000a0000000, 0x00000000bae00000, 0x00000000e0000000)
  object space 440320K, 73% used [0x00000000a0000000,0x00000000b3a5b1b8,0x00000000bae00000)
 Metaspace       used 101118K, capacity 109964K, committed 110000K, reserved 1146880K
  class space    used 12406K, capacity 13485K, committed 13488K, reserved 1048576K
Event: 20697.864 GC heap after
Heap after GC invocations=84 (full 4):
 PSYoungGen      total 470016K, used 20358K [0x00000000e0000000, 0x0000000100000000, 0x0000000100000000)
  eden space 418816K, 0% used [0x00000000e0000000,0x00000000e0000000,0x00000000f9900000)
  from space 51200K, 39% used [0x00000000fce00000,0x00000000fe1e1910,0x0000000100000000)
  to   space 52736K, 0% used [0x00000000f9900000,0x00000000f9900000,0x00000000fcc80000)
 ParOldGen       total 440320K, used 322052K [0x00000000a0000000, 0x00000000bae00000, 0x00000000e0000000)
  object space 440320K, 73% used [0x00000000a0000000,0x00000000b3a811b8,0x00000000bae00000)
 Metaspace       used 101118K, capacity 109964K, committed 110000K, reserved 1146880K
  class space    used 12406K, capacity 13485K, committed 13488K, reserved 1048576K
}
Event: 20759.055 GC heap before
{Heap before GC invocations=85 (full 4):
 PSYoungGen      total 470016K, used 439174K [0x00000000e0000000, 0x0000000100000000, 0x0000000100000000)
  eden space 418816K, 100% used [0x00000000e0000000,0x00000000f9900000,0x00000000f9900000)
  from space 51200K, 39% used [0x00000000fce00000,0x00000000fe1e1910,0x0000000100000000)
  to   space 52736K, 0% used [0x00000000f9900000,0x00000000f9900000,0x00000000fcc80000)
 ParOldGen       total 440320K, used 322052K [0x00000000a0000000, 0x00000000bae00000, 0x00000000e0000000)
  object space 440320K, 73% used [0x00000000a0000000,0x00000000b3a811b8,0x00000000bae00000)
 Metaspace       used 101170K, capacity 110052K, committed 110384K, reserved 1146880K
  class space    used 12414K, capacity 13493K, committed 13616K, reserved 1048576K
Event: 20759.068 GC heap after
Heap after GC invocations=85 (full 4):
 PSYoungGen      total 440832K, used 21874K [0x00000000e0000000, 0x00000000ffc80000, 0x0000000100000000)
  eden space 418816K, 0% used [0x00000000e0000000,0x00000000e0000000,0x00000000f9900000)
  from space 22016K, 99% used [0x00000000f9900000,0x00000000fae5ca50,0x00000000fae80000)
  to   space 50176K, 0% used [0x00000000fcb80000,0x00000000fcb80000,0x00000000ffc80000)
 ParOldGen       total 440320K, used 322060K [0x00000000a0000000, 0x00000000bae00000, 0x00000000e0000000)
  object space 440320K, 73% used [0x00000000a0000000,0x00000000b3a831b8,0x00000000bae00000)
 Metaspace       used 101170K, capacity 110052K, committed 110384K, reserved 1146880K
  class space    used 12414K, capacity 13493K, committed 13616K, reserved 1048576K
}
Event: 20761.538 GC heap before
{Heap before GC invocations=86 (full 4):
 PSYoungGen      total 440832K, used 439838K [0x00000000e0000000, 0x00000000ffc80000, 0x0000000100000000)
  eden space 418816K, 99% used [0x00000000e0000000,0x00000000f982ae70,0x00000000f9900000)
  from space 22016K, 99% used [0x00000000f9900000,0x00000000fae5ca50,0x00000000fae80000)
  to   space 50176K, 0% used [0x00000000fcb80000,0x00000000fcb80000,0x00000000ffc80000)
 ParOldGen       total 440320K, used 322060K [0x00000000a0000000, 0x00000000bae00000, 0x00000000e0000000)
  object space 440320K, 73% used [0x00000000a0000000,0x00000000b3a831b8,0x00000000bae00000)
 Metaspace       used 101176K, capacity 110052K, committed 110384K, reserved 1146880K
  class space    used 12414K, capacity 13493K, committed 13616K, reserved 1048576K
Event: 20761.547 GC heap after
Heap after GC invocations=86 (full 4):
 PSYoungGen      total 471552K, used 14045K [0x00000000e0000000, 0x0000000100000000, 0x0000000100000000)
  eden space 421376K, 0% used [0x00000000e0000000,0x00000000e0000000,0x00000000f9b80000)
  from space 50176K, 27% used [0x00000000fcb80000,0x00000000fd937460,0x00000000ffc80000)
  to   space 49152K, 0% used [0x00000000f9b80000,0x00000000f9b80000,0x00000000fcb80000)
 ParOldGen       total 440320K, used 322148K [0x00000000a0000000, 0x00000000bae00000, 0x00000000e0000000)
  object space 440320K, 73% used [0x00000000a0000000,0x00000000b3a991b8,0x00000000bae00000)
 Metaspace       used 101176K, capacity 110052K, committed 110384K, reserved 1146880K
  class space    used 12414K, capacity 13493K, committed 13616K, reserved 1048576K
}

