# JRE version: Java(TM) SE Runtime Environment (8.0_131-b11) (build 1.8.0_131-b11)
# Java VM: Java HotSpot(TM) 64-Bit Server VM (25.131-b11 mixed mode windows-amd64 compressed oops)
Heap:
 PSYoungGen      total 425472K, used 102208K [0x00000000e0000000, 0x00000000ff480000, 0x0000000100000000)
  eden space 333312K, 21% used [0x00000000e0000000,0x00000000e4761e70,0x00000000f4580000)
  from space 92160K, 31% used [0x00000000f4580000,0x00000000f61ee2d0,0x00000000f9f80000)
  to   space 86016K, 0% used [0x00000000fa080000,0x00000000fa080000,0x00000000ff480000)
 ParOldGen       total 276992K, used 78430K [0x00000000a0000000, 0x00000000b0e80000, 0x00000000e0000000)
  object space 276992K, 28% used [0x00000000a0000000,0x00000000a4c979c0,0x00000000b0e80000)
 Metaspace       used 85110K, capacity 92309K, committed 92464K, reserved 1130496K
  class space    used 10848K, capacity 11722K, committed 11824K, reserved 1048576K
GC Heap History (10 events):
Event: 11631.599 GC heap before
{Heap before GC invocations=45 (full 4):
 PSYoungGen      total 416256K, used 326778K [0x00000000e0000000, 0x00000000ff880000, 0x0000000100000000)
  eden space 319488K, 99% used [0x00000000e0000000,0x00000000f3797848,0x00000000f3800000)
  from space 96768K, 7% used [0x00000000f9780000,0x00000000f9f07338,0x00000000ff600000)
  to   space 97792K, 0% used [0x00000000f3800000,0x00000000f3800000,0x00000000f9780000)
 ParOldGen       total 276992K, used 64134K [0x00000000a0000000, 0x00000000b0e80000, 0x00000000e0000000)
  object space 276992K, 23% used [0x00000000a0000000,0x00000000a3ea1a88,0x00000000b0e80000)
 Metaspace       used 82121K, capacity 87841K, committed 90288K, reserved 1128448K
  class space    used 10389K, capacity 11081K, committed 11696K, reserved 1048576K
Event: 11631.612 GC heap after
Heap after GC invocations=45 (full 4):
 PSYoungGen      total 417280K, used 2403K [0x00000000e0000000, 0x0000000100000000, 0x0000000100000000)
  eden space 319488K, 0% used [0x00000000e0000000,0x00000000e0000000,0x00000000f3800000)
  from space 97792K, 2% used [0x00000000f3800000,0x00000000f3a58d48,0x00000000f9780000)
  to   space 98304K, 0% used [0x00000000fa000000,0x00000000fa000000,0x0000000100000000)
 ParOldGen       total 276992K, used 67431K [0x00000000a0000000, 0x00000000b0e80000, 0x00000000e0000000)
  object space 276992K, 24% used [0x00000000a0000000,0x00000000a41d9f08,0x00000000b0e80000)
 Metaspace       used 82121K, capacity 87841K, committed 90288K, reserved 1128448K
  class space    used 10389K, capacity 11081K, committed 11696K, reserved 1048576K
}
Event: 12162.756 GC heap before
{Heap before GC invocations=46 (full 4):
 PSYoungGen      total 417280K, used 321891K [0x00000000e0000000, 0x0000000100000000, 0x0000000100000000)
  eden space 319488K, 100% used [0x00000000e0000000,0x00000000f3800000,0x00000000f3800000)
  from space 97792K, 2% used [0x00000000f3800000,0x00000000f3a58d48,0x00000000f9780000)
  to   space 98304K, 0% used [0x00000000fa000000,0x00000000fa000000,0x0000000100000000)
 ParOldGen       total 276992K, used 67431K [0x00000000a0000000, 0x00000000b0e80000, 0x00000000e0000000)
  object space 276992K, 24% used [0x00000000a0000000,0x00000000a41d9f08,0x00000000b0e80000)
 Metaspace       used 83040K, capacity 89279K, committed 91056K, reserved 1128448K
  class space    used 10509K, capacity 11276K, committed 11696K, reserved 1048576K
Event: 12162.782 GC heap after
Heap after GC invocations=46 (full 4):
 PSYoungGen      total 423936K, used 9433K [0x00000000e0000000, 0x00000000ffd80000, 0x0000000100000000)
  eden space 328192K, 0% used [0x00000000e0000000,0x00000000e0000000,0x00000000f4080000)
  from space 95744K, 9% used [0x00000000fa000000,0x00000000fa936498,0x00000000ffd80000)
  to   space 96768K, 0% used [0x00000000f4080000,0x00000000f4080000,0x00000000f9f00000)
 ParOldGen       total 276992K, used 67831K [0x00000000a0000000, 0x00000000b0e80000, 0x00000000e0000000)
  object space 276992K, 24% used [0x00000000a0000000,0x00000000a423df08,0x00000000b0e80000)
 Metaspace       used 83040K, capacity 89279K, committed 91056K, reserved 1128448K
  class space    used 10509K, capacity 11276K, committed 11696K, reserved 1048576K
}
Event: 12363.407 GC heap before
{Heap before GC invocations=47 (full 4):
 PSYoungGen      total 423936K, used 337625K [0x00000000e0000000, 0x00000000ffd80000, 0x0000000100000000)
  eden space 328192K, 100% used [0x00000000e0000000,0x00000000f4080000,0x00000000f4080000)
  from space 95744K, 9% used [0x00000000fa000000,0x00000000fa936498,0x00000000ffd80000)
  to   space 96768K, 0% used [0x00000000f4080000,0x00000000f4080000,0x00000000f9f00000)
 ParOldGen       total 276992K, used 67831K [0x00000000a0000000, 0x00000000b0e80000, 0x00000000e0000000)
  object space 276992K, 24% used [0x00000000a0000000,0x00000000a423df08,0x00000000b0e80000)
 Metaspace       used 84592K, capacity 91589K, committed 91952K, reserved 1130496K
  class space    used 10815K, capacity 11688K, committed 11824K, reserved 1048576K
Event: 12363.419 GC heap after
Heap after GC invocations=47 (full 4):
 PSYoungGen      total 424960K, used 13084K [0x00000000e0000000, 0x00000000ffc00000, 0x0000000100000000)
  eden space 328192K, 0% used [0x00000000e0000000,0x00000000e0000000,0x00000000f4080000)
  from space 96768K, 13% used [0x00000000f4080000,0x00000000f4d47360,0x00000000f9f00000)
  to   space 94208K, 0% used [0x00000000fa000000,0x00000000fa000000,0x00000000ffc00000)
 ParOldGen       total 276992K, used 70663K [0x00000000a0000000, 0x00000000b0e80000, 0x00000000e0000000)
  object space 276992K, 25% used [0x00000000a0000000,0x00000000a4501f68,0x00000000b0e80000)
 Metaspace       used 84592K, capacity 91589K, committed 91952K, reserved 1130496K
  class space    used 10815K, capacity 11688K, committed 11824K, reserved 1048576K
}
Event: 12508.903 GC heap before
{Heap before GC invocations=48 (full 4):
 PSYoungGen      total 424960K, used 341276K [0x00000000e0000000, 0x00000000ffc00000, 0x0000000100000000)
  eden space 328192K, 100% used [0x00000000e0000000,0x00000000f4080000,0x00000000f4080000)
  from space 96768K, 13% used [0x00000000f4080000,0x00000000f4d47360,0x00000000f9f00000)
  to   space 94208K, 0% used [0x00000000fa000000,0x00000000fa000000,0x00000000ffc00000)
 ParOldGen       total 276992K, used 70663K [0x00000000a0000000, 0x00000000b0e80000, 0x00000000e0000000)
  object space 276992K, 25% used [0x00000000a0000000,0x00000000a4501f68,0x00000000b0e80000)
 Metaspace       used 84839K, capacity 91991K, committed 92208K, reserved 1130496K
  class space    used 10837K, capacity 11709K, committed 11824K, reserved 1048576K
Event: 12508.912 GC heap after
Heap after GC invocations=48 (full 4):
 PSYoungGen      total 424960K, used 7600K [0x00000000e0000000, 0x00000000ff980000, 0x0000000100000000)
  eden space 333312K, 0% used [0x00000000e0000000,0x00000000e0000000,0x00000000f4580000)
  from space 91648K, 8% used [0x00000000fa000000,0x00000000fa76c010,0x00000000ff980000)
  to   space 92160K, 0% used [0x00000000f4580000,0x00000000f4580000,0x00000000f9f80000)
 ParOldGen       total 276992K, used 78422K [0x00000000a0000000, 0x00000000b0e80000, 0x00000000e0000000)
  object space 276992K, 28% used [0x00000000a0000000,0x00000000a4c959c0,0x00000000b0e80000)
 Metaspace       used 84839K, capacity 91991K, committed 92208K, reserved 1130496K
  class space    used 10837K, capacity 11709K, committed 11824K, reserved 1048576K
}
Event: 12527.321 GC heap before
{Heap before GC invocations=49 (full 4):
 PSYoungGen      total 424960K, used 340912K [0x00000000e0000000, 0x00000000ff980000, 0x0000000100000000)
  eden space 333312K, 100% used [0x00000000e0000000,0x00000000f4580000,0x00000000f4580000)
  from space 91648K, 8% used [0x00000000fa000000,0x00000000fa76c010,0x00000000ff980000)
  to   space 92160K, 0% used [0x00000000f4580000,0x00000000f4580000,0x00000000f9f80000)
 ParOldGen       total 276992K, used 78422K [0x00000000a0000000, 0x00000000b0e80000, 0x00000000e0000000)
  object space 276992K, 28% used [0x00000000a0000000,0x00000000a4c959c0,0x00000000b0e80000)
 Metaspace       used 85087K, capacity 92283K, committed 92464K, reserved 1130496K
  class space    used 10846K, capacity 11719K, committed 11824K, reserved 1048576K
Event: 12527.341 GC heap after
Heap after GC invocations=49 (full 4):
 PSYoungGen      total 425472K, used 29112K [0x00000000e0000000, 0x00000000ff480000, 0x0000000100000000)
  eden space 333312K, 0% used [0x00000000e0000000,0x00000000e0000000,0x00000000f4580000)
  from space 92160K, 31% used [0x00000000f4580000,0x00000000f61ee2d0,0x00000000f9f80000)
  to   space 86016K, 0% used [0x00000000fa080000,0x00000000fa080000,0x00000000ff480000)
 ParOldGen       total 276992K, used 78430K [0x00000000a0000000, 0x00000000b0e80000, 0x00000000e0000000)
  object space 276992K, 28% used [0x00000000a0000000,0x00000000a4c979c0,0x00000000b0e80000)
 Metaspace       used 85087K, capacity 92283K, committed 92464K, reserved 1130496K
  class space    used 10846K, capacity 11719K, committed 11824K, reserved 1048576K
}

