# JRE version: Java(TM) SE Runtime Environment (8.0_131-b11) (build 1.8.0_131-b11)
# Java VM: Java HotSpot(TM) 64-Bit Server VM (25.131-b11 mixed mode windows-amd64 compressed oops)
Heap:
 PSYoungGen      total 313856K, used 198240K [0x00000000e0000000, 0x00000000f5f80000, 0x0000000100000000)
  eden space 267264K, 64% used [0x00000000e0000000,0x00000000ea99bd20,0x00000000f0500000)
  from space 46592K, 52% used [0x00000000f3200000,0x00000000f49fc428,0x00000000f5f80000)
  to   space 46080K, 0% used [0x00000000f0500000,0x00000000f0500000,0x00000000f3200000)
 ParOldGen       total 192512K, used 46986K [0x00000000a0000000, 0x00000000abc00000, 0x00000000e0000000)
  object space 192512K, 24% used [0x00000000a0000000,0x00000000a2de2bd8,0x00000000abc00000)
 Metaspace       used 73954K, capacity 77944K, committed 78040K, reserved 1118208K
  class space    used 9541K, capacity 10214K, committed 10240K, reserved 1048576K
GC Heap History (10 events):
Event: 1795.135 GC heap before
{Heap before GC invocations=27 (full 3):
 PSYoungGen      total 234496K, used 234472K [0x00000000e0000000, 0x00000000f3f00000, 0x0000000100000000)
  eden space 195584K, 100% used [0x00000000e0000000,0x00000000ebf00000,0x00000000ebf00000)
  from space 38912K, 99% used [0x00000000ebf00000,0x00000000ee4fa108,0x00000000ee500000)
  to   space 45056K, 0% used [0x00000000f1300000,0x00000000f1300000,0x00000000f3f00000)
 ParOldGen       total 192512K, used 42885K [0x00000000a0000000, 0x00000000abc00000, 0x00000000e0000000)
  object space 192512K, 22% used [0x00000000a0000000,0x00000000a29e1750,0x00000000abc00000)
 Metaspace       used 73153K, capacity 76568K, committed 76632K, reserved 1116160K
  class space    used 9455K, capacity 10078K, committed 10112K, reserved 1048576K
Event: 1795.156 GC heap after
Heap after GC invocations=27 (full 3):
 PSYoungGen      total 268288K, used 24362K [0x00000000e0000000, 0x00000000f3780000, 0x0000000100000000)
  eden space 230912K, 0% used [0x00000000e0000000,0x00000000e0000000,0x00000000ee180000)
  from space 37376K, 65% used [0x00000000f1300000,0x00000000f2acaa18,0x00000000f3780000)
  to   space 44032K, 0% used [0x00000000ee180000,0x00000000ee180000,0x00000000f0c80000)
 ParOldGen       total 192512K, used 43081K [0x00000000a0000000, 0x00000000abc00000, 0x00000000e0000000)
  object space 192512K, 22% used [0x00000000a0000000,0x00000000a2a12798,0x00000000abc00000)
 Metaspace       used 73153K, capacity 76568K, committed 76632K, reserved 1116160K
  class space    used 9455K, capacity 10078K, committed 10112K, reserved 1048576K
}
Event: 1799.655 GC heap before
{Heap before GC invocations=28 (full 3):
 PSYoungGen      total 268288K, used 255274K [0x00000000e0000000, 0x00000000f3780000, 0x0000000100000000)
  eden space 230912K, 100% used [0x00000000e0000000,0x00000000ee180000,0x00000000ee180000)
  from space 37376K, 65% used [0x00000000f1300000,0x00000000f2acaa18,0x00000000f3780000)
  to   space 44032K, 0% used [0x00000000ee180000,0x00000000ee180000,0x00000000f0c80000)
 ParOldGen       total 192512K, used 43081K [0x00000000a0000000, 0x00000000abc00000, 0x00000000e0000000)
  object space 192512K, 22% used [0x00000000a0000000,0x00000000a2a12798,0x00000000abc00000)
 Metaspace       used 73321K, capacity 76822K, committed 76888K, reserved 1116160K
  class space    used 9460K, capacity 10087K, committed 10112K, reserved 1048576K
Event: 1799.758 GC heap after
Heap after GC invocations=28 (full 3):
 PSYoungGen      total 274944K, used 35833K [0x00000000e0000000, 0x00000000f3780000, 0x0000000100000000)
  eden space 230912K, 0% used [0x00000000e0000000,0x00000000e0000000,0x00000000ee180000)
  from space 44032K, 81% used [0x00000000ee180000,0x00000000f047e530,0x00000000f0c80000)
  to   space 37376K, 0% used [0x00000000f1300000,0x00000000f1300000,0x00000000f3780000)
 ParOldGen       total 192512K, used 43089K [0x00000000a0000000, 0x00000000abc00000, 0x00000000e0000000)
  object space 192512K, 22% used [0x00000000a0000000,0x00000000a2a14798,0x00000000abc00000)
 Metaspace       used 73321K, capacity 76822K, committed 76888K, reserved 1116160K
  class space    used 9460K, capacity 10087K, committed 10112K, reserved 1048576K
}
Event: 1801.110 GC heap before
{Heap before GC invocations=29 (full 3):
 PSYoungGen      total 274944K, used 264104K [0x00000000e0000000, 0x00000000f3780000, 0x0000000100000000)
  eden space 230912K, 98% used [0x00000000e0000000,0x00000000edeebdb0,0x00000000ee180000)
  from space 44032K, 81% used [0x00000000ee180000,0x00000000f047e530,0x00000000f0c80000)
  to   space 37376K, 0% used [0x00000000f1300000,0x00000000f1300000,0x00000000f3780000)
 ParOldGen       total 192512K, used 43089K [0x00000000a0000000, 0x00000000abc00000, 0x00000000e0000000)
  object space 192512K, 22% used [0x00000000a0000000,0x00000000a2a14798,0x00000000abc00000)
 Metaspace       used 73356K, capacity 76822K, committed 76888K, reserved 1116160K
  class space    used 9460K, capacity 10087K, committed 10112K, reserved 1048576K
Event: 1801.148 GC heap after
Heap after GC invocations=29 (full 3):
 PSYoungGen      total 268288K, used 35028K [0x00000000e0000000, 0x00000000f3780000, 0x0000000100000000)
  eden space 230912K, 0% used [0x00000000e0000000,0x00000000e0000000,0x00000000ee180000)
  from space 37376K, 93% used [0x00000000f1300000,0x00000000f3535080,0x00000000f3780000)
  to   space 44032K, 0% used [0x00000000ee180000,0x00000000ee180000,0x00000000f0c80000)
 ParOldGen       total 192512K, used 44886K [0x00000000a0000000, 0x00000000abc00000, 0x00000000e0000000)
  object space 192512K, 23% used [0x00000000a0000000,0x00000000a2bd5b88,0x00000000abc00000)
 Metaspace       used 73356K, capacity 76822K, committed 76888K, reserved 1116160K
  class space    used 9460K, capacity 10087K, committed 10112K, reserved 1048576K
}
Event: 1993.725 GC heap before
{Heap before GC invocations=30 (full 3):
 PSYoungGen      total 268288K, used 265940K [0x00000000e0000000, 0x00000000f3780000, 0x0000000100000000)
  eden space 230912K, 100% used [0x00000000e0000000,0x00000000ee180000,0x00000000ee180000)
  from space 37376K, 93% used [0x00000000f1300000,0x00000000f3535080,0x00000000f3780000)
  to   space 44032K, 0% used [0x00000000ee180000,0x00000000ee180000,0x00000000f0c80000)
 ParOldGen       total 192512K, used 44886K [0x00000000a0000000, 0x00000000abc00000, 0x00000000e0000000)
  object space 192512K, 23% used [0x00000000a0000000,0x00000000a2bd5b88,0x00000000abc00000)
 Metaspace       used 73810K, capacity 77694K, committed 77784K, reserved 1116160K
  class space    used 9528K, capacity 10201K, committed 10240K, reserved 1048576K
Event: 1993.749 GC heap after
Heap after GC invocations=30 (full 3):
 PSYoungGen      total 274944K, used 29519K [0x00000000e0000000, 0x00000000f6180000, 0x0000000100000000)
  eden space 230912K, 0% used [0x00000000e0000000,0x00000000e0000000,0x00000000ee180000)
  from space 44032K, 67% used [0x00000000ee180000,0x00000000efe53fe8,0x00000000f0c80000)
  to   space 48640K, 0% used [0x00000000f3200000,0x00000000f3200000,0x00000000f6180000)
 ParOldGen       total 192512K, used 45150K [0x00000000a0000000, 0x00000000abc00000, 0x00000000e0000000)
  object space 192512K, 23% used [0x00000000a0000000,0x00000000a2c17b88,0x00000000abc00000)
 Metaspace       used 73810K, capacity 77694K, committed 77784K, reserved 1116160K
  class space    used 9528K, capacity 10201K, committed 10240K, reserved 1048576K
}
Event: 1994.541 GC heap before
{Heap before GC invocations=31 (full 3):
 PSYoungGen      total 274944K, used 257756K [0x00000000e0000000, 0x00000000f6180000, 0x0000000100000000)
  eden space 230912K, 98% used [0x00000000e0000000,0x00000000edee32d0,0x00000000ee180000)
  from space 44032K, 67% used [0x00000000ee180000,0x00000000efe53fe8,0x00000000f0c80000)
  to   space 48640K, 0% used [0x00000000f3200000,0x00000000f3200000,0x00000000f6180000)
 ParOldGen       total 192512K, used 45150K [0x00000000a0000000, 0x00000000abc00000, 0x00000000e0000000)
  object space 192512K, 23% used [0x00000000a0000000,0x00000000a2c17b88,0x00000000abc00000)
 Metaspace       used 73857K, capacity 77700K, committed 77784K, reserved 1116160K
  class space    used 9529K, capacity 10202K, committed 10240K, reserved 1048576K
Event: 1994.561 GC heap after
Heap after GC invocations=31 (full 3):
 PSYoungGen      total 313856K, used 24561K [0x00000000e0000000, 0x00000000f5f80000, 0x0000000100000000)
  eden space 267264K, 0% used [0x00000000e0000000,0x00000000e0000000,0x00000000f0500000)
  from space 46592K, 52% used [0x00000000f3200000,0x00000000f49fc428,0x00000000f5f80000)
  to   space 46080K, 0% used [0x00000000f0500000,0x00000000f0500000,0x00000000f3200000)
 ParOldGen       total 192512K, used 46986K [0x00000000a0000000, 0x00000000abc00000, 0x00000000e0000000)
  object space 192512K, 24% used [0x00000000a0000000,0x00000000a2de2bd8,0x00000000abc00000)
 Metaspace       used 73857K, capacity 77700K, committed 77784K, reserved 1116160K
  class space    used 9529K, capacity 10202K, committed 10240K, reserved 1048576K
}

