# JRE version: Java(TM) SE Runtime Environment (8.0_131-b11) (build 1.8.0_131-b11)
# Java VM: Java HotSpot(TM) 64-Bit Server VM (25.131-b11 mixed mode windows-amd64 compressed oops)
Heap:
 PSYoungGen      total 89600K, used 67743K [0x00000000eab00000, 0x00000000f0c00000, 0x0000000100000000)
  eden space 81408K, 73% used [0x00000000eab00000,0x00000000ee52be50,0x00000000efa80000)
  from space 8192K, 99% used [0x00000000f0280000,0x00000000f0a7c0b8,0x00000000f0a80000)
  to   space 8192K, 0% used [0x00000000efa80000,0x00000000efa80000,0x00000000f0280000)
 ParOldGen       total 82944K, used 39900K [0x00000000c0000000, 0x00000000c5100000, 0x00000000eab00000)
  object space 82944K, 48% used [0x00000000c0000000,0x00000000c26f7240,0x00000000c5100000)
 Metaspace       used 6366K, capacity 7320K, committed 7680K, reserved 1060864K
  class space    used 628K, capacity 656K, committed 768K, reserved 1048576K
GC Heap History (10 events):
Event: 0.240 GC heap before
{Heap before GC invocations=1 (full 0):
 PSYoungGen      total 57344K, used 2956K [0x00000000eab00000, 0x00000000eeb00000, 0x0000000100000000)
  eden space 49152K, 6% used [0x00000000eab00000,0x00000000eade30b0,0x00000000edb00000)
  from space 8192K, 0% used [0x00000000ee300000,0x00000000ee300000,0x00000000eeb00000)
  to   space 8192K, 0% used [0x00000000edb00000,0x00000000edb00000,0x00000000ee300000)
 ParOldGen       total 131072K, used 0K [0x00000000c0000000, 0x00000000c8000000, 0x00000000eab00000)
  object space 131072K, 0% used [0x00000000c0000000,0x00000000c0000000,0x00000000c8000000)
 Metaspace       used 3553K, capacity 4720K, committed 4864K, reserved 1060864K
  class space    used 398K, capacity 424K, committed 512K, reserved 1048576K
Event: 0.246 GC heap after
Heap after GC invocations=1 (full 0):
 PSYoungGen      total 57344K, used 898K [0x00000000eab00000, 0x00000000eeb00000, 0x0000000100000000)
  eden space 49152K, 0% used [0x00000000eab00000,0x00000000eab00000,0x00000000edb00000)
  from space 8192K, 10% used [0x00000000edb00000,0x00000000edbe0b48,0x00000000ee300000)
  to   space 8192K, 0% used [0x00000000ee300000,0x00000000ee300000,0x00000000eeb00000)
 ParOldGen       total 131072K, used 8K [0x00000000c0000000, 0x00000000c8000000, 0x00000000eab00000)
  object space 131072K, 0% used [0x00000000c0000000,0x00000000c0002000,0x00000000c8000000)
 Metaspace       used 3553K, capacity 4720K, committed 4864K, reserved 1060864K
  class space    used 398K, capacity 424K, committed 512K, reserved 1048576K
}
Event: 0.246 GC heap before
{Heap before GC invocations=2 (full 1):
 PSYoungGen      total 57344K, used 898K [0x00000000eab00000, 0x00000000eeb00000, 0x0000000100000000)
  eden space 49152K, 0% used [0x00000000eab00000,0x00000000eab00000,0x00000000edb00000)
  from space 8192K, 10% used [0x00000000edb00000,0x00000000edbe0b48,0x00000000ee300000)
  to   space 8192K, 0% used [0x00000000ee300000,0x00000000ee300000,0x00000000eeb00000)
 ParOldGen       total 131072K, used 8K [0x00000000c0000000, 0x00000000c8000000, 0x00000000eab00000)
  object space 131072K, 0% used [0x00000000c0000000,0x00000000c0002000,0x00000000c8000000)
 Metaspace       used 3553K, capacity 4720K, committed 4864K, reserved 1060864K
  class space    used 398K, capacity 424K, committed 512K, reserved 1048576K
Event: 0.260 GC heap after
Heap after GC invocations=2 (full 1):
 PSYoungGen      total 57344K, used 0K [0x00000000eab00000, 0x00000000eeb00000, 0x0000000100000000)
  eden space 49152K, 0% used [0x00000000eab00000,0x00000000eab00000,0x00000000edb00000)
  from space 8192K, 0% used [0x00000000edb00000,0x00000000edb00000,0x00000000ee300000)
  to   space 8192K, 0% used [0x00000000ee300000,0x00000000ee300000,0x00000000eeb00000)
 ParOldGen       total 82944K, used 861K [0x00000000c0000000, 0x00000000c5100000, 0x00000000eab00000)
  object space 82944K, 1% used [0x00000000c0000000,0x00000000c00d7640,0x00000000c5100000)
 Metaspace       used 3553K, capacity 4720K, committed 4864K, reserved 1058816K
  class space    used 398K, capacity 424K, committed 512K, reserved 1048576K
}
Event: 0.667 GC heap before
{Heap before GC invocations=3 (full 1):
 PSYoungGen      total 57344K, used 49152K [0x00000000eab00000, 0x00000000eeb00000, 0x0000000100000000)
  eden space 49152K, 100% used [0x00000000eab00000,0x00000000edb00000,0x00000000edb00000)
  from space 8192K, 0% used [0x00000000edb00000,0x00000000edb00000,0x00000000ee300000)
  to   space 8192K, 0% used [0x00000000ee300000,0x00000000ee300000,0x00000000eeb00000)
 ParOldGen       total 82944K, used 861K [0x00000000c0000000, 0x00000000c5100000, 0x00000000eab00000)
  object space 82944K, 1% used [0x00000000c0000000,0x00000000c00d7640,0x00000000c5100000)
 Metaspace       used 5842K, capacity 6872K, committed 7168K, reserved 1058816K
  class space    used 606K, capacity 656K, committed 768K, reserved 1048576K
Event: 0.704 GC heap after
Heap after GC invocations=3 (full 1):
 PSYoungGen      total 57344K, used 8173K [0x00000000eab00000, 0x00000000f0380000, 0x0000000100000000)
  eden space 49152K, 0% used [0x00000000eab00000,0x00000000eab00000,0x00000000edb00000)
  from space 8192K, 99% used [0x00000000ee300000,0x00000000eeafb490,0x00000000eeb00000)
  to   space 8192K, 0% used [0x00000000edb00000,0x00000000edb00000,0x00000000ee300000)
 ParOldGen       total 82944K, used 6831K [0x00000000c0000000, 0x00000000c5100000, 0x00000000eab00000)
  object space 82944K, 8% used [0x00000000c0000000,0x00000000c06abfa0,0x00000000c5100000)
 Metaspace       used 5842K, capacity 6872K, committed 7168K, reserved 1058816K
  class space    used 606K, capacity 656K, committed 768K, reserved 1048576K
}
Event: 0.891 GC heap before
{Heap before GC invocations=4 (full 1):
 PSYoungGen      total 57344K, used 57325K [0x00000000eab00000, 0x00000000f0380000, 0x0000000100000000)
  eden space 49152K, 100% used [0x00000000eab00000,0x00000000edb00000,0x00000000edb00000)
  from space 8192K, 99% used [0x00000000ee300000,0x00000000eeafb490,0x00000000eeb00000)
  to   space 8192K, 0% used [0x00000000edb00000,0x00000000edb00000,0x00000000ee300000)
 ParOldGen       total 82944K, used 6831K [0x00000000c0000000, 0x00000000c5100000, 0x00000000eab00000)
  object space 82944K, 8% used [0x00000000c0000000,0x00000000c06abfa0,0x00000000c5100000)
 Metaspace       used 5910K, capacity 6936K, committed 7168K, reserved 1058816K
  class space    used 606K, capacity 656K, committed 768K, reserved 1048576K
Event: 0.936 GC heap after
Heap after GC invocations=4 (full 1):
 PSYoungGen      total 57344K, used 8165K [0x00000000eab00000, 0x00000000f0a80000, 0x0000000100000000)
  eden space 49152K, 0% used [0x00000000eab00000,0x00000000eab00000,0x00000000edb00000)
  from space 8192K, 99% used [0x00000000edb00000,0x00000000ee2f9720,0x00000000ee300000)
  to   space 8192K, 0% used [0x00000000f0280000,0x00000000f0280000,0x00000000f0a80000)
 ParOldGen       total 82944K, used 22902K [0x00000000c0000000, 0x00000000c5100000, 0x00000000eab00000)
  object space 82944K, 27% used [0x00000000c0000000,0x00000000c165db98,0x00000000c5100000)
 Metaspace       used 5910K, capacity 6936K, committed 7168K, reserved 1058816K
  class space    used 606K, capacity 656K, committed 768K, reserved 1048576K
}
Event: 1.073 GC heap before
{Heap before GC invocations=5 (full 1):
 PSYoungGen      total 57344K, used 57317K [0x00000000eab00000, 0x00000000f0a80000, 0x0000000100000000)
  eden space 49152K, 100% used [0x00000000eab00000,0x00000000edb00000,0x00000000edb00000)
  from space 8192K, 99% used [0x00000000edb00000,0x00000000ee2f9720,0x00000000ee300000)
  to   space 8192K, 0% used [0x00000000f0280000,0x00000000f0280000,0x00000000f0a80000)
 ParOldGen       total 82944K, used 22902K [0x00000000c0000000, 0x00000000c5100000, 0x00000000eab00000)
  object space 82944K, 27% used [0x00000000c0000000,0x00000000c165db98,0x00000000c5100000)
 Metaspace       used 5945K, capacity 6936K, committed 7168K, reserved 1058816K
  class space    used 608K, capacity 656K, committed 768K, reserved 1048576K
Event: 1.099 GC heap after
Heap after GC invocations=5 (full 1):
 PSYoungGen      total 89600K, used 8176K [0x00000000eab00000, 0x00000000f0c00000, 0x0000000100000000)
  eden space 81408K, 0% used [0x00000000eab00000,0x00000000eab00000,0x00000000efa80000)
  from space 8192K, 99% used [0x00000000f0280000,0x00000000f0a7c0b8,0x00000000f0a80000)
  to   space 8192K, 0% used [0x00000000efa80000,0x00000000efa80000,0x00000000f0280000)
 ParOldGen       total 82944K, used 39900K [0x00000000c0000000, 0x00000000c5100000, 0x00000000eab00000)
  object space 82944K, 48% used [0x00000000c0000000,0x00000000c26f7240,0x00000000c5100000)
 Metaspace       used 5945K, capacity 6936K, committed 7168K, reserved 1058816K
  class space    used 608K, capacity 656K, committed 768K, reserved 1048576K
}

